{"meta": {"format": 3, "version": "7.10.7", "timestamp": "2025-12-07T05:22:07.975584", "branch_coverage": false, "show_contexts": false}, "files": {"backend/src/__init__.py": {"executed_lines": [], "summary": {"covered_lines": 0, "num_statements": 0, "percent_covered": 100.0, "percent_covered_display": "100.00", "missing_lines": 0, "excluded_lines": 0}, "missing_lines": [], "excluded_lines": [], "functions": {"": {"executed_lines": [], "summary": {"covered_lines": 0, "num_statements": 0, "percent_covered": 100.0, "percent_covered_display": "100.00", "missing_lines": 0, "excluded_lines": 0}, "missing_lines": [], "excluded_lines": []}}, "classes": {"": {"executed_lines": [], "summary": {"covered_lines": 0, "num_statements": 0, "percent_covered": 100.0, "percent_covered_display": "100.00", "missing_lines": 0, "excluded_lines": 0}, "missing_lines": [], "excluded_lines": []}}}, "backend/src/configs/__init__.py": {"executed_lines": [], "summary": {"covered_lines": 0, "num_statements": 0, "percent_covered": 100.0, "percent_covered_display": "100.00", "missing_lines": 0, "excluded_lines": 0}, "missing_lines": [], "excluded_lines": [], "functions": {"": {"executed_lines": [], "summary": {"covered_lines": 0, "num_statements": 0, "percent_covered": 100.0, "percent_covered_display": "100.00", "missing_lines": 0, "excluded_lines": 0}, "missing_lines": [], "excluded_lines": []}}, "classes": {"": {"executed_lines": [], "summary": {"covered_lines": 0, "num_statements": 0, "percent_covered": 100.0, "percent_covered_display": "100.00", "missing_lines": 0, "excluded_lines": 0}, "missing_lines": [], "excluded_lines": []}}}, "backend/src/configs/celery_config.py": {"executed_lines": [], "summary": {"covered_lines": 0, "num_statements": 11, "percent_covered": 0.0, "percent_covered_display": "0.00", "missing_lines": 11, "excluded_lines": 0}, "missing_lines": [1, 3, 6, 7, 8, 9, 10, 11, 15, 20, 34], "excluded_lines": [], "functions": {"get_celery_app": {"executed_lines": [], "summary": {"covered_lines": 0, "num_statements": 8, "percent_covered": 0.0, "percent_covered_display": "0.00", "missing_lines": 8, "excluded_lines": 0}, "missing_lines": [7, 8, 9, 10, 11, 15, 20, 34], "excluded_lines": []}, "": {"executed_lines": [], "summary": {"covered_lines": 0, "num_statements": 3, "percent_covered": 0.0, "percent_covered_display": "0.00", "missing_lines": 3, "excluded_lines": 0}, "missing_lines": [1, 3, 6], "excluded_lines": []}}, "classes": {"": {"executed_lines": [], "summary": {"covered_lines": 0, "num_statements": 11, "percent_covered": 0.0, "percent_covered_display": "0.00", "missing_lines": 11, "excluded_lines": 0}, "missing_lines": [1, 3, 6, 7, 8, 9, 10, 11, 15, 20, 34], "excluded_lines": []}}}, "backend/src/configs/logging_config.py": {"executed_lines": [], "summary": {"covered_lines": 0, "num_statements": 98, "percent_covered": 0.0, "percent_covered_display": "0.00", "missing_lines": 98, "excluded_lines": 0}, "missing_lines": [15, 16, 17, 19, 21, 23, 29, 31, 32, 33, 34, 35, 38, 40, 41, 42, 43, 46, 58, 59, 61, 64, 66, 67, 69, 70, 72, 76, 77, 79, 80, 82, 83, 87, 88, 90, 94, 95, 102, 103, 105, 109, 110, 117, 118, 120, 121, 125, 127, 128, 132, 133, 137, 138, 144, 145, 146, 148, 152, 153, 155, 156, 157, 159, 163, 164, 171, 172, 176, 181, 185, 186, 193, 194, 195, 199, 201, 202, 204, 205, 206, 208, 209, 213, 214, 222, 230, 232, 234, 243, 256, 262, 271, 282, 284, 287, 289, 293], "excluded_lines": [], "functions": {"truncate_text": {"executed_lines": [], "summary": {"covered_lines": 0, "num_statements": 5, "percent_covered": 0.0, "percent_covered_display": "0.00", "missing_lines": 5, "excluded_lines": 0}, "missing_lines": [31, 32, 33, 34, 35], "excluded_lines": []}, "format_duration": {"executed_lines": [], "summary": {"covered_lines": 0, "num_statements": 4, "percent_covered": 0.0, "percent_covered_display": "0.00", "missing_lines": 4, "excluded_lines": 0}, "missing_lines": [40, 41, 42, 43], "excluded_lines": []}, "RAGLogger.log_request_start": {"executed_lines": [], "summary": {"covered_lines": 0, "num_statements": 2, "percent_covered": 0.0, "percent_covered_display": "0.00", "missing_lines": 2, "excluded_lines": 0}, "missing_lines": [61, 64], "excluded_lines": []}, "RAGLogger.log_query_enhancement": {"executed_lines": [], "summary": {"covered_lines": 0, "num_statements": 3, "percent_covered": 0.0, "percent_covered_display": "0.00", "missing_lines": 3, "excluded_lines": 0}, "missing_lines": [69, 70, 72], "excluded_lines": []}, "RAGLogger.log_route_detection": {"executed_lines": [], "summary": {"covered_lines": 0, "num_statements": 2, "percent_covered": 0.0, "percent_covered_display": "0.00", "missing_lines": 2, "excluded_lines": 0}, "missing_lines": [79, 80], "excluded_lines": []}, "RAGLogger.log_guardrails_input": {"executed_lines": [], "summary": {"covered_lines": 0, "num_statements": 3, "percent_covered": 0.0, "percent_covered_display": "0.00", "missing_lines": 3, "excluded_lines": 0}, "missing_lines": [87, 88, 90], "excluded_lines": []}, "RAGLogger.log_guardrails_output": {"executed_lines": [], "summary": {"covered_lines": 0, "num_statements": 3, "percent_covered": 0.0, "percent_covered_display": "0.00", "missing_lines": 3, "excluded_lines": 0}, "missing_lines": [102, 103, 105], "excluded_lines": []}, "RAGLogger.log_embedding": {"executed_lines": [], "summary": {"covered_lines": 0, "num_statements": 5, "percent_covered": 0.0, "percent_covered_display": "0.00", "missing_lines": 5, "excluded_lines": 0}, "missing_lines": [117, 118, 120, 121, 125], "excluded_lines": []}, "RAGLogger.log_retrieval": {"executed_lines": [], "summary": {"covered_lines": 0, "num_statements": 2, "percent_covered": 0.0, "percent_covered_display": "0.00", "missing_lines": 2, "excluded_lines": 0}, "missing_lines": [132, 133], "excluded_lines": []}, "RAGLogger.log_rerank_results": {"executed_lines": [], "summary": {"covered_lines": 0, "num_statements": 10, "percent_covered": 0.0, "percent_covered_display": "0.00", "missing_lines": 10, "excluded_lines": 0}, "missing_lines": [144, 145, 146, 148, 152, 153, 155, 156, 157, 159], "excluded_lines": []}, "RAGLogger.log_history_summary": {"executed_lines": [], "summary": {"covered_lines": 0, "num_statements": 4, "percent_covered": 0.0, "percent_covered_display": "0.00", "missing_lines": 4, "excluded_lines": 0}, "missing_lines": [171, 172, 176, 181], "excluded_lines": []}, "RAGLogger.log_generation": {"executed_lines": [], "summary": {"covered_lines": 0, "num_statements": 4, "percent_covered": 0.0, "percent_covered_display": "0.00", "missing_lines": 4, "excluded_lines": 0}, "missing_lines": [193, 194, 195, 199], "excluded_lines": []}, "RAGLogger.log_request_complete": {"executed_lines": [], "summary": {"covered_lines": 0, "num_statements": 3, "percent_covered": 0.0, "percent_covered_display": "0.00", "missing_lines": 3, "excluded_lines": 0}, "missing_lines": [204, 205, 206], "excluded_lines": []}, "RAGLogger.log_cache_operation": {"executed_lines": [], "summary": {"covered_lines": 0, "num_statements": 2, "percent_covered": 0.0, "percent_covered_display": "0.00", "missing_lines": 2, "excluded_lines": 0}, "missing_lines": [213, 214], "excluded_lines": []}, "configure_logging": {"executed_lines": [], "summary": {"covered_lines": 0, "num_statements": 7, "percent_covered": 0.0, "percent_covered_display": "0.00", "missing_lines": 7, "excluded_lines": 0}, "missing_lines": [230, 232, 234, 243, 256, 262, 271], "excluded_lines": []}, "get_logger": {"executed_lines": [], "summary": {"covered_lines": 0, "num_statements": 1, "percent_covered": 0.0, "percent_covered_display": "0.00", "missing_lines": 1, "excluded_lines": 0}, "missing_lines": [284], "excluded_lines": []}, "get_rag_logger": {"executed_lines": [], "summary": {"covered_lines": 0, "num_statements": 1, "percent_covered": 0.0, "percent_covered_display": "0.00", "missing_lines": 1, "excluded_lines": 0}, "missing_lines": [289], "excluded_lines": []}, "": {"executed_lines": [], "summary": {"covered_lines": 0, "num_statements": 37, "percent_covered": 0.0, "percent_covered_display": "0.00", "missing_lines": 37, "excluded_lines": 0}, "missing_lines": [15, 16, 17, 19, 21, 23, 29, 38, 46, 58, 59, 66, 67, 76, 77, 82, 83, 94, 95, 109, 110, 127, 128, 137, 138, 163, 164, 185, 186, 201, 202, 208, 209, 222, 282, 287, 293], "excluded_lines": []}}, "classes": {"RAGLogger": {"executed_lines": [], "summary": {"covered_lines": 0, "num_statements": 43, "percent_covered": 0.0, "percent_covered_display": "0.00", "missing_lines": 43, "excluded_lines": 0}, "missing_lines": [61, 64, 69, 70, 72, 79, 80, 87, 88, 90, 102, 103, 105, 117, 118, 120, 121, 125, 132, 133, 144, 145, 146, 148, 152, 153, 155, 156, 157, 159, 171, 172, 176, 181, 193, 194, 195, 199, 204, 205, 206, 213, 214], "excluded_lines": []}, "": {"executed_lines": [], "summary": {"covered_lines": 0, "num_statements": 55, "percent_covered": 0.0, "percent_covered_display": "0.00", "missing_lines": 55, "excluded_lines": 0}, "missing_lines": [15, 16, 17, 19, 21, 23, 29, 31, 32, 33, 34, 35, 38, 40, 41, 42, 43, 46, 58, 59, 66, 67, 76, 77, 82, 83, 94, 95, 109, 110, 127, 128, 137, 138, 163, 164, 185, 186, 201, 202, 208, 209, 222, 230, 232, 234, 243, 256, 262, 271, 282, 284, 287, 289, 293], "excluded_lines": []}}}, "backend/src/configs/prompt_templates.py": {"executed_lines": [], "summary": {"covered_lines": 0, "num_statements": 6, "percent_covered": 0.0, "percent_covered_display": "0.00", "missing_lines": 6, "excluded_lines": 0}, "missing_lines": [1, 55, 65, 77, 98, 119], "excluded_lines": [], "functions": {"": {"executed_lines": [], "summary": {"covered_lines": 0, "num_statements": 6, "percent_covered": 0.0, "percent_covered_display": "0.00", "missing_lines": 6, "excluded_lines": 0}, "missing_lines": [1, 55, 65, 77, 98, 119], "excluded_lines": []}}, "classes": {"": {"executed_lines": [], "summary": {"covered_lines": 0, "num_statements": 6, "percent_covered": 0.0, "percent_covered_display": "0.00", "missing_lines": 6, "excluded_lines": 0}, "missing_lines": [1, 55, 65, 77, 98, 119], "excluded_lines": []}}}, "backend/src/configs/setup.py": {"executed_lines": [], "summary": {"covered_lines": 0, "num_statements": 101, "percent_covered": 0.0, "percent_covered_display": "0.00", "missing_lines": 101, "excluded_lines": 0}, "missing_lines": [1, 2, 4, 5, 6, 8, 17, 20, 21, 22, 23, 26, 27, 28, 29, 30, 33, 34, 37, 40, 43, 46, 49, 52, 55, 58, 61, 63, 64, 66, 67, 68, 71, 72, 73, 77, 78, 79, 82, 83, 85, 86, 87, 90, 93, 98, 103, 104, 107, 108, 109, 110, 112, 113, 115, 116, 117, 119, 122, 127, 130, 135, 136, 137, 138, 139, 142, 145, 146, 147, 148, 151, 152, 153, 154, 156, 157, 159, 160, 163, 164, 165, 168, 169, 172, 173, 176, 177, 178, 181, 182, 183, 185, 186, 187, 193, 194, 195, 198, 199, 200], "excluded_lines": [], "functions": {"BackendSettings.elasticsearch_url": {"executed_lines": [], "summary": {"covered_lines": 0, "num_statements": 3, "percent_covered": 0.0, "percent_covered_display": "0.00", "missing_lines": 3, "excluded_lines": 0}, "missing_lines": [66, 67, 68], "excluded_lines": []}, "BackendSettings.vllm_url": {"executed_lines": [], "summary": {"covered_lines": 0, "num_statements": 1, "percent_covered": 0.0, "percent_covered_display": "0.00", "missing_lines": 1, "excluded_lines": 0}, "missing_lines": [79], "excluded_lines": []}, "BackendSettings.backend_api_url": {"executed_lines": [], "summary": {"covered_lines": 0, "num_statements": 1, "percent_covered": 0.0, "percent_covered_display": "0.00", "missing_lines": 1, "excluded_lines": 0}, "missing_lines": [87], "excluded_lines": []}, "BackendSettings.redis_url": {"executed_lines": [], "summary": {"covered_lines": 0, "num_statements": 3, "percent_covered": 0.0, "percent_covered_display": "0.00", "missing_lines": 3, "excluded_lines": 0}, "missing_lines": [115, 116, 117], "excluded_lines": []}, "DatabaseSettings.database_url": {"executed_lines": [], "summary": {"covered_lines": 0, "num_statements": 1, "percent_covered": 0.0, "percent_covered_display": "0.00", "missing_lines": 1, "excluded_lines": 0}, "missing_lines": [187], "excluded_lines": []}, "get_backend_settings": {"executed_lines": [], "summary": {"covered_lines": 0, "num_statements": 1, "percent_covered": 0.0, "percent_covered_display": "0.00", "missing_lines": 1, "excluded_lines": 0}, "missing_lines": [195], "excluded_lines": []}, "get_database_settings": {"executed_lines": [], "summary": {"covered_lines": 0, "num_statements": 1, "percent_covered": 0.0, "percent_covered_display": "0.00", "missing_lines": 1, "excluded_lines": 0}, "missing_lines": [200], "excluded_lines": []}, "": {"executed_lines": [], "summary": {"covered_lines": 0, "num_statements": 90, "percent_covered": 0.0, "percent_covered_display": "0.00", "missing_lines": 90, "excluded_lines": 0}, "missing_lines": [1, 2, 4, 5, 6, 8, 17, 20, 21, 22, 23, 26, 27, 28, 29, 30, 33, 34, 37, 40, 43, 46, 49, 52, 55, 58, 61, 63, 64, 71, 72, 73, 77, 78, 82, 83, 85, 86, 90, 93, 98, 103, 104, 107, 108, 109, 110, 112, 113, 119, 122, 127, 130, 135, 136, 137, 138, 139, 142, 145, 146, 147, 148, 151, 152, 153, 154, 156, 157, 159, 160, 163, 164, 165, 168, 169, 172, 173, 176, 177, 178, 181, 182, 183, 185, 186, 193, 194, 198, 199], "excluded_lines": []}}, "classes": {"BackendSettings": {"executed_lines": [], "summary": {"covered_lines": 0, "num_statements": 8, "percent_covered": 0.0, "percent_covered_display": "0.00", "missing_lines": 8, "excluded_lines": 0}, "missing_lines": [66, 67, 68, 79, 87, 115, 116, 117], "excluded_lines": []}, "DatabaseSettings": {"executed_lines": [], "summary": {"covered_lines": 0, "num_statements": 1, "percent_covered": 0.0, "percent_covered_display": "0.00", "missing_lines": 1, "excluded_lines": 0}, "missing_lines": [187], "excluded_lines": []}, "": {"executed_lines": [], "summary": {"covered_lines": 0, "num_statements": 92, "percent_covered": 0.0, "percent_covered_display": "0.00", "missing_lines": 92, "excluded_lines": 0}, "missing_lines": [1, 2, 4, 5, 6, 8, 17, 20, 21, 22, 23, 26, 27, 28, 29, 30, 33, 34, 37, 40, 43, 46, 49, 52, 55, 58, 61, 63, 64, 71, 72, 73, 77, 78, 82, 83, 85, 86, 90, 93, 98, 103, 104, 107, 108, 109, 110, 112, 113, 119, 122, 127, 130, 135, 136, 137, 138, 139, 142, 145, 146, 147, 148, 151, 152, 153, 154, 156, 157, 159, 160, 163, 164, 165, 168, 169, 172, 173, 176, 177, 178, 181, 182, 183, 185, 186, 193, 194, 195, 198, 199, 200], "excluded_lines": []}}}, "backend/src/core/__init__.py": {"executed_lines": [], "summary": {"covered_lines": 0, "num_statements": 0, "percent_covered": 100.0, "percent_covered_display": "100.00", "missing_lines": 0, "excluded_lines": 0}, "missing_lines": [], "excluded_lines": [], "functions": {"": {"executed_lines": [], "summary": {"covered_lines": 0, "num_statements": 0, "percent_covered": 100.0, "percent_covered_display": "100.00", "missing_lines": 0, "excluded_lines": 0}, "missing_lines": [], "excluded_lines": []}}, "classes": {"": {"executed_lines": [], "summary": {"covered_lines": 0, "num_statements": 0, "percent_covered": 100.0, "percent_covered_display": "100.00", "missing_lines": 0, "excluded_lines": 0}, "missing_lines": [], "excluded_lines": []}}}, "backend/src/core/cache.py": {"executed_lines": [], "summary": {"covered_lines": 0, "num_statements": 153, "percent_covered": 0.0, "percent_covered_display": "0.00", "missing_lines": 153, "excluded_lines": 0}, "missing_lines": [1, 2, 3, 4, 6, 7, 9, 11, 15, 17, 18, 20, 21, 22, 25, 26, 27, 28, 29, 32, 33, 34, 35, 36, 37, 39, 40, 42, 44, 45, 46, 47, 48, 51, 52, 53, 54, 56, 57, 58, 60, 61, 62, 63, 64, 65, 68, 69, 70, 71, 72, 73, 74, 76, 77, 78, 79, 82, 83, 84, 87, 88, 89, 90, 91, 92, 94, 95, 96, 97, 98, 100, 101, 102, 103, 104, 105, 108, 111, 112, 113, 114, 115, 116, 117, 118, 121, 124, 125, 126, 127, 128, 130, 131, 132, 133, 134, 136, 137, 138, 139, 140, 141, 144, 150, 151, 152, 153, 154, 155, 156, 157, 160, 161, 162, 163, 164, 165, 166, 167, 168, 169, 170, 171, 174, 175, 176, 177, 179, 180, 181, 183, 197, 198, 199, 205, 207, 208, 209, 210, 211, 212, 213, 214, 215, 218, 220, 221, 222, 223, 224, 225, 226], "excluded_lines": [], "functions": {"_get_cache_metrics": {"executed_lines": [], "summary": {"covered_lines": 0, "num_statements": 5, "percent_covered": 0.0, "percent_covered_display": "0.00", "missing_lines": 5, "excluded_lines": 0}, "missing_lines": [17, 18, 20, 21, 22], "excluded_lines": []}, "generate_request_id": {"executed_lines": [], "summary": {"covered_lines": 0, "num_statements": 4, "percent_covered": 0.0, "percent_covered_display": "0.00", "missing_lines": 4, "excluded_lines": 0}, "missing_lines": [26, 27, 28, 29], "excluded_lines": []}, "get_redis_client": {"executed_lines": [], "summary": {"covered_lines": 0, "num_statements": 13, "percent_covered": 0.0, "percent_covered_display": "0.00", "missing_lines": 13, "excluded_lines": 0}, "missing_lines": [33, 34, 35, 36, 37, 39, 40, 42, 44, 45, 46, 47, 48], "excluded_lines": []}, "get_conversation_id": {"executed_lines": [], "summary": {"covered_lines": 0, "num_statements": 12, "percent_covered": 0.0, "percent_covered_display": "0.00", "missing_lines": 12, "excluded_lines": 0}, "missing_lines": [52, 53, 54, 56, 57, 58, 60, 61, 62, 63, 64, 65], "excluded_lines": []}, "delete_conversation_id": {"executed_lines": [], "summary": {"covered_lines": 0, "num_statements": 10, "percent_covered": 0.0, "percent_covered_display": "0.00", "missing_lines": 10, "excluded_lines": 0}, "missing_lines": [69, 70, 71, 72, 73, 74, 76, 77, 78, 79], "excluded_lines": []}, "_generate_cache_key": {"executed_lines": [], "summary": {"covered_lines": 0, "num_statements": 2, "percent_covered": 0.0, "percent_covered_display": "0.00", "missing_lines": 2, "excluded_lines": 0}, "missing_lines": [83, 84], "excluded_lines": []}, "get_query_embedding": {"executed_lines": [], "summary": {"covered_lines": 0, "num_statements": 16, "percent_covered": 0.0, "percent_covered_display": "0.00", "missing_lines": 16, "excluded_lines": 0}, "missing_lines": [88, 89, 90, 91, 92, 94, 95, 96, 97, 98, 100, 101, 102, 103, 104, 105], "excluded_lines": []}, "cache_query_embedding": {"executed_lines": [], "summary": {"covered_lines": 0, "num_statements": 8, "percent_covered": 0.0, "percent_covered_display": "0.00", "missing_lines": 8, "excluded_lines": 0}, "missing_lines": [111, 112, 113, 114, 115, 116, 117, 118], "excluded_lines": []}, "get_search_results": {"executed_lines": [], "summary": {"covered_lines": 0, "num_statements": 16, "percent_covered": 0.0, "percent_covered_display": "0.00", "missing_lines": 16, "excluded_lines": 0}, "missing_lines": [124, 125, 126, 127, 128, 130, 131, 132, 133, 134, 136, 137, 138, 139, 140, 141], "excluded_lines": []}, "cache_search_results": {"executed_lines": [], "summary": {"covered_lines": 0, "num_statements": 8, "percent_covered": 0.0, "percent_covered_display": "0.00", "missing_lines": 8, "excluded_lines": 0}, "missing_lines": [150, 151, 152, 153, 154, 155, 156, 157], "excluded_lines": []}, "invalidate_search_cache": {"executed_lines": [], "summary": {"covered_lines": 0, "num_statements": 11, "percent_covered": 0.0, "percent_covered_display": "0.00", "missing_lines": 11, "excluded_lines": 0}, "missing_lines": [161, 162, 163, 164, 165, 166, 167, 168, 169, 170, 171], "excluded_lines": []}, "get_cache_stats": {"executed_lines": [], "summary": {"covered_lines": 0, "num_statements": 10, "percent_covered": 0.0, "percent_covered_display": "0.00", "missing_lines": 10, "excluded_lines": 0}, "missing_lines": [175, 176, 177, 179, 180, 181, 183, 197, 198, 199], "excluded_lines": []}, "get_cached_value": {"executed_lines": [], "summary": {"covered_lines": 0, "num_statements": 9, "percent_covered": 0.0, "percent_covered_display": "0.00", "missing_lines": 9, "excluded_lines": 0}, "missing_lines": [207, 208, 209, 210, 211, 212, 213, 214, 215], "excluded_lines": []}, "set_cached_value": {"executed_lines": [], "summary": {"covered_lines": 0, "num_statements": 7, "percent_covered": 0.0, "percent_covered_display": "0.00", "missing_lines": 7, "excluded_lines": 0}, "missing_lines": [220, 221, 222, 223, 224, 225, 226], "excluded_lines": []}, "": {"executed_lines": [], "summary": {"covered_lines": 0, "num_statements": 22, "percent_covered": 0.0, "percent_covered_display": "0.00", "missing_lines": 22, "excluded_lines": 0}, "missing_lines": [1, 2, 3, 4, 6, 7, 9, 11, 15, 25, 32, 51, 68, 82, 87, 108, 121, 144, 160, 174, 205, 218], "excluded_lines": []}}, "classes": {"": {"executed_lines": [], "summary": {"covered_lines": 0, "num_statements": 153, "percent_covered": 0.0, "percent_covered_display": "0.00", "missing_lines": 153, "excluded_lines": 0}, "missing_lines": [1, 2, 3, 4, 6, 7, 9, 11, 15, 17, 18, 20, 21, 22, 25, 26, 27, 28, 29, 32, 33, 34, 35, 36, 37, 39, 40, 42, 44, 45, 46, 47, 48, 51, 52, 53, 54, 56, 57, 58, 60, 61, 62, 63, 64, 65, 68, 69, 70, 71, 72, 73, 74, 76, 77, 78, 79, 82, 83, 84, 87, 88, 89, 90, 91, 92, 94, 95, 96, 97, 98, 100, 101, 102, 103, 104, 105, 108, 111, 112, 113, 114, 115, 116, 117, 118, 121, 124, 125, 126, 127, 128, 130, 131, 132, 133, 134, 136, 137, 138, 139, 140, 141, 144, 150, 151, 152, 153, 154, 155, 156, 157, 160, 161, 162, 163, 164, 165, 166, 167, 168, 169, 170, 171, 174, 175, 176, 177, 179, 180, 181, 183, 197, 198, 199, 205, 207, 208, 209, 210, 211, 212, 213, 214, 215, 218, 220, 221, 222, 223, 224, 225, 226], "excluded_lines": []}}}, "backend/src/core/guardrails.py": {"executed_lines": [], "summary": {"covered_lines": 0, "num_statements": 118, "percent_covered": 0.0, "percent_covered_display": "0.00", "missing_lines": 118, "excluded_lines": 0}, "missing_lines": [8, 9, 11, 12, 14, 15, 17, 20, 34, 48, 50, 56, 57, 59, 61, 62, 63, 65, 75, 76, 78, 79, 83, 84, 94, 97, 103, 105, 106, 107, 109, 121, 122, 131, 132, 136, 137, 148, 151, 158, 159, 162, 164, 166, 167, 168, 170, 178, 180, 181, 182, 184, 185, 186, 187, 193, 194, 198, 199, 200, 201, 202, 206, 207, 213, 215, 216, 217, 218, 219, 222, 224, 227, 228, 229, 230, 231, 232, 235, 237, 240, 242, 244, 247, 248, 249, 251, 253, 256, 257, 258, 259, 260, 262, 264, 265, 266, 267, 269, 273, 308, 313, 315, 328, 341, 342, 348, 350, 352, 353, 354, 355, 356, 360, 363, 366, 367, 368], "excluded_lines": [], "functions": {"Qwen3GuardService.__init__": {"executed_lines": [], "summary": {"covered_lines": 0, "num_statements": 6, "percent_covered": 0.0, "percent_covered_display": "0.00", "missing_lines": 6, "excluded_lines": 0}, "missing_lines": [56, 57, 59, 61, 62, 63], "excluded_lines": []}, "Qwen3GuardService.validate_query": {"executed_lines": [], "summary": {"covered_lines": 0, "num_statements": 12, "percent_covered": 0.0, "percent_covered_display": "0.00", "missing_lines": 12, "excluded_lines": 0}, "missing_lines": [75, 76, 78, 79, 83, 84, 94, 97, 103, 105, 106, 107], "excluded_lines": []}, "Qwen3GuardService.validate_response": {"executed_lines": [], "summary": {"covered_lines": 0, "num_statements": 15, "percent_covered": 0.0, "percent_covered_display": "0.00", "missing_lines": 15, "excluded_lines": 0}, "missing_lines": [121, 122, 131, 132, 136, 137, 148, 151, 158, 159, 162, 164, 166, 167, 168], "excluded_lines": []}, "Qwen3GuardService._check_with_local": {"executed_lines": [], "summary": {"covered_lines": 0, "num_statements": 34, "percent_covered": 0.0, "percent_covered_display": "0.00", "missing_lines": 34, "excluded_lines": 0}, "missing_lines": [178, 180, 181, 182, 184, 185, 186, 187, 193, 194, 198, 199, 200, 201, 202, 206, 207, 213, 215, 216, 217, 218, 219, 222, 224, 227, 228, 229, 230, 231, 232, 235, 237, 240], "excluded_lines": []}, "Qwen3GuardService._parse_severity": {"executed_lines": [], "summary": {"covered_lines": 0, "num_statements": 4, "percent_covered": 0.0, "percent_covered_display": "0.00", "missing_lines": 4, "excluded_lines": 0}, "missing_lines": [244, 247, 248, 249], "excluded_lines": []}, "Qwen3GuardService._parse_categories": {"executed_lines": [], "summary": {"covered_lines": 0, "num_statements": 6, "percent_covered": 0.0, "percent_covered_display": "0.00", "missing_lines": 6, "excluded_lines": 0}, "missing_lines": [253, 256, 257, 258, 259, 260], "excluded_lines": []}, "Qwen3GuardService._parse_refusal": {"executed_lines": [], "summary": {"covered_lines": 0, "num_statements": 4, "percent_covered": 0.0, "percent_covered_display": "0.00", "missing_lines": 4, "excluded_lines": 0}, "missing_lines": [264, 265, 266, 267], "excluded_lines": []}, "Qwen3GuardService._generate_regeneration_feedback": {"executed_lines": [], "summary": {"covered_lines": 0, "num_statements": 2, "percent_covered": 0.0, "percent_covered_display": "0.00", "missing_lines": 2, "excluded_lines": 0}, "missing_lines": [273, 308], "excluded_lines": []}, "Qwen3GuardService.get_rejection_message": {"executed_lines": [], "summary": {"covered_lines": 0, "num_statements": 5, "percent_covered": 0.0, "percent_covered_display": "0.00", "missing_lines": 5, "excluded_lines": 0}, "missing_lines": [315, 328, 341, 342, 348], "excluded_lines": []}, "Qwen3GuardService.health_check": {"executed_lines": [], "summary": {"covered_lines": 0, "num_statements": 5, "percent_covered": 0.0, "percent_covered_display": "0.00", "missing_lines": 5, "excluded_lines": 0}, "missing_lines": [352, 353, 354, 355, 356], "excluded_lines": []}, "get_guardrails_service": {"executed_lines": [], "summary": {"covered_lines": 0, "num_statements": 3, "percent_covered": 0.0, "percent_covered_display": "0.00", "missing_lines": 3, "excluded_lines": 0}, "missing_lines": [366, 367, 368], "excluded_lines": []}, "": {"executed_lines": [], "summary": {"covered_lines": 0, "num_statements": 22, "percent_covered": 0.0, "percent_covered_display": "0.00", "missing_lines": 22, "excluded_lines": 0}, "missing_lines": [8, 9, 11, 12, 14, 15, 17, 20, 34, 48, 50, 65, 109, 170, 242, 251, 262, 269, 313, 350, 360, 363], "excluded_lines": []}}, "classes": {"Qwen3GuardService": {"executed_lines": [], "summary": {"covered_lines": 0, "num_statements": 93, "percent_covered": 0.0, "percent_covered_display": "0.00", "missing_lines": 93, "excluded_lines": 0}, "missing_lines": [56, 57, 59, 61, 62, 63, 75, 76, 78, 79, 83, 84, 94, 97, 103, 105, 106, 107, 121, 122, 131, 132, 136, 137, 148, 151, 158, 159, 162, 164, 166, 167, 168, 178, 180, 181, 182, 184, 185, 186, 187, 193, 194, 198, 199, 200, 201, 202, 206, 207, 213, 215, 216, 217, 218, 219, 222, 224, 227, 228, 229, 230, 231, 232, 235, 237, 240, 244, 247, 248, 249, 253, 256, 257, 258, 259, 260, 264, 265, 266, 267, 273, 308, 315, 328, 341, 342, 348, 352, 353, 354, 355, 356], "excluded_lines": []}, "": {"executed_lines": [], "summary": {"covered_lines": 0, "num_statements": 25, "percent_covered": 0.0, "percent_covered_display": "0.00", "missing_lines": 25, "excluded_lines": 0}, "missing_lines": [8, 9, 11, 12, 14, 15, 17, 20, 34, 48, 50, 65, 109, 170, 242, 251, 262, 269, 313, 350, 360, 363, 366, 367, 368], "excluded_lines": []}}}, "backend/src/core/hybrid_search.py": {"executed_lines": [], "summary": {"covered_lines": 0, "num_statements": 71, "percent_covered": 0.0, "percent_covered_display": "0.00", "missing_lines": 71, "excluded_lines": 0}, "missing_lines": [1, 3, 5, 6, 8, 9, 12, 18, 19, 21, 22, 23, 24, 25, 27, 29, 30, 32, 33, 35, 37, 38, 39, 40, 41, 42, 44, 47, 56, 58, 61, 62, 63, 65, 66, 67, 68, 69, 72, 73, 76, 77, 79, 85, 88, 91, 94, 101, 104, 105, 107, 110, 111, 114, 115, 118, 119, 122, 129, 132, 141, 148, 155, 160, 163, 168, 169, 171, 172, 174, 176], "excluded_lines": [], "functions": {"reciprocal_rank_fusion": {"executed_lines": [], "summary": {"covered_lines": 0, "num_statements": 20, "percent_covered": 0.0, "percent_covered_display": "0.00", "missing_lines": 20, "excluded_lines": 0}, "missing_lines": [18, 19, 21, 22, 23, 24, 25, 27, 29, 30, 32, 33, 35, 37, 38, 39, 40, 41, 42, 44], "excluded_lines": []}, "hybrid_search": {"executed_lines": [], "summary": {"covered_lines": 0, "num_statements": 31, "percent_covered": 0.0, "percent_covered_display": "0.00", "missing_lines": 31, "excluded_lines": 0}, "missing_lines": [56, 58, 61, 62, 63, 65, 66, 67, 68, 69, 72, 73, 76, 77, 79, 85, 88, 91, 94, 101, 104, 105, 107, 110, 111, 114, 115, 118, 119, 122, 129], "excluded_lines": []}, "hybrid_search_with_filters": {"executed_lines": [], "summary": {"covered_lines": 0, "num_statements": 4, "percent_covered": 0.0, "percent_covered_display": "0.00", "missing_lines": 4, "excluded_lines": 0}, "missing_lines": [141, 148, 155, 160], "excluded_lines": []}, "analyze_search_overlap": {"executed_lines": [], "summary": {"covered_lines": 0, "num_statements": 6, "percent_covered": 0.0, "percent_covered_display": "0.00", "missing_lines": 6, "excluded_lines": 0}, "missing_lines": [168, 169, 171, 172, 174, 176], "excluded_lines": []}, "": {"executed_lines": [], "summary": {"covered_lines": 0, "num_statements": 10, "percent_covered": 0.0, "percent_covered_display": "0.00", "missing_lines": 10, "excluded_lines": 0}, "missing_lines": [1, 3, 5, 6, 8, 9, 12, 47, 132, 163], "excluded_lines": []}}, "classes": {"": {"executed_lines": [], "summary": {"covered_lines": 0, "num_statements": 71, "percent_covered": 0.0, "percent_covered_display": "0.00", "missing_lines": 71, "excluded_lines": 0}, "missing_lines": [1, 3, 5, 6, 8, 9, 12, 18, 19, 21, 22, 23, 24, 25, 27, 29, 30, 32, 33, 35, 37, 38, 39, 40, 41, 42, 44, 47, 56, 58, 61, 62, 63, 65, 66, 67, 68, 69, 72, 73, 76, 77, 79, 85, 88, 91, 94, 101, 104, 105, 107, 110, 111, 114, 115, 118, 119, 122, 129, 132, 141, 148, 155, 160, 163, 168, 169, 171, 172, 174, 176], "excluded_lines": []}}}, "backend/src/core/metrics.py": {"executed_lines": [], "summary": {"covered_lines": 0, "num_statements": 21, "percent_covered": 0.0, "percent_covered_display": "0.00", "missing_lines": 21, "excluded_lines": 0}, "missing_lines": [7, 14, 21, 27, 33, 40, 46, 53, 60, 72, 78, 86, 92, 99, 105, 113, 121, 127, 134, 141, 148], "excluded_lines": [], "functions": {"": {"executed_lines": [], "summary": {"covered_lines": 0, "num_statements": 21, "percent_covered": 0.0, "percent_covered_display": "0.00", "missing_lines": 21, "excluded_lines": 0}, "missing_lines": [7, 14, 21, 27, 33, 40, 46, 53, 60, 72, 78, 86, 92, 99, 105, 113, 121, 127, 134, 141, 148], "excluded_lines": []}}, "classes": {"": {"executed_lines": [], "summary": {"covered_lines": 0, "num_statements": 21, "percent_covered": 0.0, "percent_covered_display": "0.00", "missing_lines": 21, "excluded_lines": 0}, "missing_lines": [7, 14, 21, 27, 33, 40, 46, 53, 60, 72, 78, 86, 92, 99, 105, 113, 121, 127, 134, 141, 148], "excluded_lines": []}}}, "backend/src/core/model_config.py": {"executed_lines": [], "summary": {"covered_lines": 0, "num_statements": 40, "percent_covered": 0.0, "percent_covered_display": "0.00", "missing_lines": 40, "excluded_lines": 0}, "missing_lines": [1, 2, 4, 5, 7, 10, 13, 20, 21, 23, 24, 25, 27, 28, 30, 31, 34, 36, 37, 40, 42, 43, 46, 48, 49, 52, 54, 55, 58, 60, 61, 64, 66, 67, 70, 72, 73, 76, 79, 80], "excluded_lines": [], "functions": {"load_model_config": {"executed_lines": [], "summary": {"covered_lines": 0, "num_statements": 9, "percent_covered": 0.0, "percent_covered_display": "0.00", "missing_lines": 9, "excluded_lines": 0}, "missing_lines": [20, 21, 23, 24, 25, 27, 28, 30, 31], "excluded_lines": []}, "get_generation_model": {"executed_lines": [], "summary": {"covered_lines": 0, "num_statements": 2, "percent_covered": 0.0, "percent_covered_display": "0.00", "missing_lines": 2, "excluded_lines": 0}, "missing_lines": [36, 37], "excluded_lines": []}, "get_embedding_model": {"executed_lines": [], "summary": {"covered_lines": 0, "num_statements": 2, "percent_covered": 0.0, "percent_covered_display": "0.00", "missing_lines": 2, "excluded_lines": 0}, "missing_lines": [42, 43], "excluded_lines": []}, "get_reranking_model": {"executed_lines": [], "summary": {"covered_lines": 0, "num_statements": 2, "percent_covered": 0.0, "percent_covered_display": "0.00", "missing_lines": 2, "excluded_lines": 0}, "missing_lines": [48, 49], "excluded_lines": []}, "get_guardrails_model": {"executed_lines": [], "summary": {"covered_lines": 0, "num_statements": 2, "percent_covered": 0.0, "percent_covered_display": "0.00", "missing_lines": 2, "excluded_lines": 0}, "missing_lines": [54, 55], "excluded_lines": []}, "get_guardrails_threshold": {"executed_lines": [], "summary": {"covered_lines": 0, "num_statements": 2, "percent_covered": 0.0, "percent_covered_display": "0.00", "missing_lines": 2, "excluded_lines": 0}, "missing_lines": [60, 61], "excluded_lines": []}, "get_vllm_url": {"executed_lines": [], "summary": {"covered_lines": 0, "num_statements": 2, "percent_covered": 0.0, "percent_covered_display": "0.00", "missing_lines": 2, "excluded_lines": 0}, "missing_lines": [66, 67], "excluded_lines": []}, "get_vllm_api_key": {"executed_lines": [], "summary": {"covered_lines": 0, "num_statements": 2, "percent_covered": 0.0, "percent_covered_display": "0.00", "missing_lines": 2, "excluded_lines": 0}, "missing_lines": [72, 73], "excluded_lines": []}, "reload_config": {"executed_lines": [], "summary": {"covered_lines": 0, "num_statements": 2, "percent_covered": 0.0, "percent_covered_display": "0.00", "missing_lines": 2, "excluded_lines": 0}, "missing_lines": [79, 80], "excluded_lines": []}, "": {"executed_lines": [], "summary": {"covered_lines": 0, "num_statements": 15, "percent_covered": 0.0, "percent_covered_display": "0.00", "missing_lines": 15, "excluded_lines": 0}, "missing_lines": [1, 2, 4, 5, 7, 10, 13, 34, 40, 46, 52, 58, 64, 70, 76], "excluded_lines": []}}, "classes": {"": {"executed_lines": [], "summary": {"covered_lines": 0, "num_statements": 40, "percent_covered": 0.0, "percent_covered_display": "0.00", "missing_lines": 40, "excluded_lines": 0}, "missing_lines": [1, 2, 4, 5, 7, 10, 13, 20, 21, 23, 24, 25, 27, 28, 30, 31, 34, 36, 37, 40, 42, 43, 46, 48, 49, 52, 54, 55, 58, 60, 61, 64, 66, 67, 70, 72, 73, 76, 79, 80], "excluded_lines": []}}}, "backend/src/core/model_loader.py": {"executed_lines": [], "summary": {"covered_lines": 0, "num_statements": 157, "percent_covered": 0.0, "percent_covered_display": "0.00", "missing_lines": 157, "excluded_lines": 0}, "missing_lines": [11, 12, 14, 15, 16, 17, 19, 23, 26, 27, 29, 30, 31, 32, 34, 35, 36, 38, 41, 42, 45, 46, 49, 50, 52, 53, 55, 57, 59, 61, 62, 63, 64, 67, 68, 71, 72, 73, 76, 79, 82, 83, 86, 87, 88, 91, 94, 96, 101, 102, 103, 105, 108, 109, 111, 114, 116, 117, 118, 120, 125, 126, 129, 130, 131, 134, 135, 136, 137, 140, 141, 142, 144, 146, 147, 149, 151, 159, 161, 162, 165, 169, 192, 193, 196, 197, 198, 200, 203, 204, 207, 216, 217, 218, 221, 222, 224, 228, 255, 256, 259, 260, 261, 264, 267, 278, 279, 284, 287, 288, 291, 292, 295, 298, 299, 302, 303, 306, 309, 313, 315, 328, 338, 345, 348, 349, 353, 356, 357, 359, 360, 365, 366, 367, 369, 371, 401, 402, 405, 407, 410, 411, 414, 421, 424, 429, 430, 439, 440, 443, 446, 448, 458, 461, 464, 465, 466], "excluded_lines": [], "functions": {"ModelRegistry.__new__": {"executed_lines": [], "summary": {"covered_lines": 0, "num_statements": 3, "percent_covered": 0.0, "percent_covered_display": "0.00", "missing_lines": 3, "excluded_lines": 0}, "missing_lines": [30, 31, 32], "excluded_lines": []}, "ModelRegistry.__init__": {"executed_lines": [], "summary": {"covered_lines": 0, "num_statements": 11, "percent_covered": 0.0, "percent_covered_display": "0.00", "missing_lines": 11, "excluded_lines": 0}, "missing_lines": [35, 36, 38, 41, 42, 45, 46, 49, 50, 52, 53], "excluded_lines": []}, "ModelRegistry.load_models": {"executed_lines": [], "summary": {"covered_lines": 0, "num_statements": 32, "percent_covered": 0.0, "percent_covered_display": "0.00", "missing_lines": 32, "excluded_lines": 0}, "missing_lines": [57, 59, 61, 62, 63, 64, 67, 68, 71, 72, 73, 76, 79, 82, 83, 86, 87, 88, 91, 94, 96, 101, 102, 103, 105, 108, 109, 111, 114, 116, 117, 118], "excluded_lines": []}, "ModelRegistry._warmup_models": {"executed_lines": [], "summary": {"covered_lines": 0, "num_statements": 15, "percent_covered": 0.0, "percent_covered_display": "0.00", "missing_lines": 15, "excluded_lines": 0}, "missing_lines": [125, 126, 129, 130, 131, 134, 135, 136, 137, 140, 141, 142, 144, 146, 147], "excluded_lines": []}, "ModelRegistry.is_ready": {"executed_lines": [], "summary": {"covered_lines": 0, "num_statements": 1, "percent_covered": 0.0, "percent_covered_display": "0.00", "missing_lines": 1, "excluded_lines": 0}, "missing_lines": [151], "excluded_lines": []}, "ModelRegistry._mean_pooling": {"executed_lines": [], "summary": {"covered_lines": 0, "num_statements": 3, "percent_covered": 0.0, "percent_covered_display": "0.00", "missing_lines": 3, "excluded_lines": 0}, "missing_lines": [161, 162, 165], "excluded_lines": []}, "ModelRegistry.embed_texts": {"executed_lines": [], "summary": {"covered_lines": 0, "num_statements": 15, "percent_covered": 0.0, "percent_covered_display": "0.00", "missing_lines": 15, "excluded_lines": 0}, "missing_lines": [192, 193, 196, 197, 198, 200, 203, 204, 207, 216, 217, 218, 221, 222, 224], "excluded_lines": []}, "ModelRegistry.rerank_documents": {"executed_lines": [], "summary": {"covered_lines": 0, "num_statements": 23, "percent_covered": 0.0, "percent_covered_display": "0.00", "missing_lines": 23, "excluded_lines": 0}, "missing_lines": [255, 256, 259, 260, 261, 264, 267, 278, 279, 284, 287, 288, 291, 292, 295, 298, 299, 302, 303, 306, 309, 313, 315], "excluded_lines": []}, "ModelRegistry._parse_qwen3guard_output": {"executed_lines": [], "summary": {"covered_lines": 0, "num_statements": 13, "percent_covered": 0.0, "percent_covered_display": "0.00", "missing_lines": 13, "excluded_lines": 0}, "missing_lines": [338, 345, 348, 349, 353, 356, 357, 359, 360, 365, 366, 367, 369], "excluded_lines": []}, "ModelRegistry.check_safety": {"executed_lines": [], "summary": {"covered_lines": 0, "num_statements": 16, "percent_covered": 0.0, "percent_covered_display": "0.00", "missing_lines": 16, "excluded_lines": 0}, "missing_lines": [401, 402, 405, 407, 410, 411, 414, 421, 424, 429, 430, 439, 440, 443, 446, 448], "excluded_lines": []}, "get_model_registry": {"executed_lines": [], "summary": {"covered_lines": 0, "num_statements": 3, "percent_covered": 0.0, "percent_covered_display": "0.00", "missing_lines": 3, "excluded_lines": 0}, "missing_lines": [464, 465, 466], "excluded_lines": []}, "": {"executed_lines": [], "summary": {"covered_lines": 0, "num_statements": 22, "percent_covered": 0.0, "percent_covered_display": "0.00", "missing_lines": 22, "excluded_lines": 0}, "missing_lines": [11, 12, 14, 15, 16, 17, 19, 23, 26, 27, 29, 34, 55, 120, 149, 159, 169, 228, 328, 371, 458, 461], "excluded_lines": []}}, "classes": {"ModelRegistry": {"executed_lines": [], "summary": {"covered_lines": 0, "num_statements": 132, "percent_covered": 0.0, "percent_covered_display": "0.00", "missing_lines": 132, "excluded_lines": 0}, "missing_lines": [30, 31, 32, 35, 36, 38, 41, 42, 45, 46, 49, 50, 52, 53, 57, 59, 61, 62, 63, 64, 67, 68, 71, 72, 73, 76, 79, 82, 83, 86, 87, 88, 91, 94, 96, 101, 102, 103, 105, 108, 109, 111, 114, 116, 117, 118, 125, 126, 129, 130, 131, 134, 135, 136, 137, 140, 141, 142, 144, 146, 147, 151, 161, 162, 165, 192, 193, 196, 197, 198, 200, 203, 204, 207, 216, 217, 218, 221, 222, 224, 255, 256, 259, 260, 261, 264, 267, 278, 279, 284, 287, 288, 291, 292, 295, 298, 299, 302, 303, 306, 309, 313, 315, 338, 345, 348, 349, 353, 356, 357, 359, 360, 365, 366, 367, 369, 401, 402, 405, 407, 410, 411, 414, 421, 424, 429, 430, 439, 440, 443, 446, 448], "excluded_lines": []}, "": {"executed_lines": [], "summary": {"covered_lines": 0, "num_statements": 25, "percent_covered": 0.0, "percent_covered_display": "0.00", "missing_lines": 25, "excluded_lines": 0}, "missing_lines": [11, 12, 14, 15, 16, 17, 19, 23, 26, 27, 29, 34, 55, 120, 149, 159, 169, 228, 328, 371, 458, 461, 464, 465, 466], "excluded_lines": []}}}, "backend/src/core/tracing.py": {"executed_lines": [], "summary": {"covered_lines": 0, "num_statements": 25, "percent_covered": 0.0, "percent_covered_display": "0.00", "missing_lines": 25, "excluded_lines": 0}, "missing_lines": [3, 4, 6, 7, 8, 10, 13, 28, 29, 30, 31, 33, 34, 35, 37, 38, 39, 40, 41, 42, 43, 44, 45, 47, 49], "excluded_lines": [], "functions": {"trace_rag_stage": {"executed_lines": [], "summary": {"covered_lines": 0, "num_statements": 3, "percent_covered": 0.0, "percent_covered_display": "0.00", "missing_lines": 3, "excluded_lines": 0}, "missing_lines": [28, 29, 49], "excluded_lines": []}, "trace_rag_stage.decorator": {"executed_lines": [], "summary": {"covered_lines": 0, "num_statements": 2, "percent_covered": 0.0, "percent_covered_display": "0.00", "missing_lines": 2, "excluded_lines": 0}, "missing_lines": [30, 47], "excluded_lines": []}, "trace_rag_stage.decorator.wrapper": {"executed_lines": [], "summary": {"covered_lines": 0, "num_statements": 13, "percent_covered": 0.0, "percent_covered_display": "0.00", "missing_lines": 13, "excluded_lines": 0}, "missing_lines": [31, 33, 34, 35, 37, 38, 39, 40, 41, 42, 43, 44, 45], "excluded_lines": []}, "": {"executed_lines": [], "summary": {"covered_lines": 0, "num_statements": 7, "percent_covered": 0.0, "percent_covered_display": "0.00", "missing_lines": 7, "excluded_lines": 0}, "missing_lines": [3, 4, 6, 7, 8, 10, 13], "excluded_lines": []}}, "classes": {"": {"executed_lines": [], "summary": {"covered_lines": 0, "num_statements": 25, "percent_covered": 0.0, "percent_covered_display": "0.00", "missing_lines": 25, "excluded_lines": 0}, "missing_lines": [3, 4, 6, 7, 8, 10, 13, 28, 29, 30, 31, 33, 34, 35, 37, 38, 39, 40, 41, 42, 43, 44, 45, 47, 49], "excluded_lines": []}}}, "backend/src/core/vectorize.py": {"executed_lines": [], "summary": {"covered_lines": 0, "num_statements": 67, "percent_covered": 0.0, "percent_covered_display": "0.00", "missing_lines": 67, "excluded_lines": 0}, "missing_lines": [1, 2, 3, 12, 14, 17, 18, 19, 20, 21, 22, 23, 24, 25, 28, 32, 33, 34, 38, 39, 45, 46, 47, 49, 50, 51, 52, 53, 54, 57, 58, 59, 60, 68, 69, 72, 73, 74, 75, 78, 81, 82, 83, 94, 95, 96, 97, 100, 105, 106, 107, 112, 121, 124, 125, 126, 127, 130, 160, 161, 164, 170, 186, 187, 188, 189, 190], "excluded_lines": [], "functions": {"get_qdrant_client": {"executed_lines": [], "summary": {"covered_lines": 0, "num_statements": 8, "percent_covered": 0.0, "percent_covered_display": "0.00", "missing_lines": 8, "excluded_lines": 0}, "missing_lines": [18, 19, 20, 21, 22, 23, 24, 25], "excluded_lines": []}, "create_collection": {"executed_lines": [], "summary": {"covered_lines": 0, "num_statements": 14, "percent_covered": 0.0, "percent_covered_display": "0.00", "missing_lines": 14, "excluded_lines": 0}, "missing_lines": [32, 33, 34, 38, 39, 45, 46, 47, 49, 50, 51, 52, 53, 54], "excluded_lines": []}, "upsert_points": {"executed_lines": [], "summary": {"covered_lines": 0, "num_statements": 9, "percent_covered": 0.0, "percent_covered_display": "0.00", "missing_lines": 9, "excluded_lines": 0}, "missing_lines": [58, 59, 60, 68, 69, 72, 73, 74, 75], "excluded_lines": []}, "delete_points_by_document_id": {"executed_lines": [], "summary": {"covered_lines": 0, "num_statements": 7, "percent_covered": 0.0, "percent_covered_display": "0.00", "missing_lines": 7, "excluded_lines": 0}, "missing_lines": [81, 82, 83, 94, 95, 96, 97], "excluded_lines": []}, "search_vectors": {"executed_lines": [], "summary": {"covered_lines": 0, "num_statements": 9, "percent_covered": 0.0, "percent_covered_display": "0.00", "missing_lines": 9, "excluded_lines": 0}, "missing_lines": [105, 106, 107, 112, 121, 124, 125, 126, 127], "excluded_lines": []}, "search_vectors_for_hybrid": {"executed_lines": [], "summary": {"covered_lines": 0, "num_statements": 9, "percent_covered": 0.0, "percent_covered_display": "0.00", "missing_lines": 9, "excluded_lines": 0}, "missing_lines": [160, 161, 164, 170, 186, 187, 188, 189, 190], "excluded_lines": []}, "": {"executed_lines": [], "summary": {"covered_lines": 0, "num_statements": 11, "percent_covered": 0.0, "percent_covered_display": "0.00", "missing_lines": 11, "excluded_lines": 0}, "missing_lines": [1, 2, 3, 12, 14, 17, 28, 57, 78, 100, 130], "excluded_lines": []}}, "classes": {"": {"executed_lines": [], "summary": {"covered_lines": 0, "num_statements": 67, "percent_covered": 0.0, "percent_covered_display": "0.00", "missing_lines": 67, "excluded_lines": 0}, "missing_lines": [1, 2, 3, 12, 14, 17, 18, 19, 20, 21, 22, 23, 24, 25, 28, 32, 33, 34, 38, 39, 45, 46, 47, 49, 50, 51, 52, 53, 54, 57, 58, 59, 60, 68, 69, 72, 73, 74, 75, 78, 81, 82, 83, 94, 95, 96, 97, 100, 105, 106, 107, 112, 121, 124, 125, 126, 127, 130, 160, 161, 164, 170, 186, 187, 188, 189, 190], "excluded_lines": []}}}, "backend/src/database.py": {"executed_lines": [], "summary": {"covered_lines": 0, "num_statements": 34, "percent_covered": 0.0, "percent_covered_display": "0.00", "missing_lines": 34, "excluded_lines": 0}, "missing_lines": [1, 3, 4, 5, 6, 8, 10, 12, 13, 14, 22, 23, 24, 25, 26, 29, 30, 32, 33, 34, 35, 36, 37, 38, 40, 43, 45, 46, 47, 48, 49, 50, 51, 53], "excluded_lines": [], "functions": {"get_db": {"executed_lines": [], "summary": {"covered_lines": 0, "num_statements": 8, "percent_covered": 0.0, "percent_covered_display": "0.00", "missing_lines": 8, "excluded_lines": 0}, "missing_lines": [32, 33, 34, 35, 36, 37, 38, 40], "excluded_lines": []}, "get_db_session": {"executed_lines": [], "summary": {"covered_lines": 0, "num_statements": 8, "percent_covered": 0.0, "percent_covered_display": "0.00", "missing_lines": 8, "excluded_lines": 0}, "missing_lines": [45, 46, 47, 48, 49, 50, 51, 53], "excluded_lines": []}, "": {"executed_lines": [], "summary": {"covered_lines": 0, "num_statements": 18, "percent_covered": 0.0, "percent_covered_display": "0.00", "missing_lines": 18, "excluded_lines": 0}, "missing_lines": [1, 3, 4, 5, 6, 8, 10, 12, 13, 14, 22, 23, 24, 25, 26, 29, 30, 43], "excluded_lines": []}}, "classes": {"": {"executed_lines": [], "summary": {"covered_lines": 0, "num_statements": 34, "percent_covered": 0.0, "percent_covered_display": "0.00", "missing_lines": 34, "excluded_lines": 0}, "missing_lines": [1, 3, 4, 5, 6, 8, 10, 12, 13, 14, 22, 23, 24, 25, 26, 29, 30, 32, 33, 34, 35, 36, 37, 38, 40, 43, 45, 46, 47, 48, 49, 50, 51, 53], "excluded_lines": []}}}, "backend/src/functions/__init__.py": {"executed_lines": [], "summary": {"covered_lines": 0, "num_statements": 0, "percent_covered": 100.0, "percent_covered_display": "100.00", "missing_lines": 0, "excluded_lines": 0}, "missing_lines": [], "excluded_lines": [], "functions": {"": {"executed_lines": [], "summary": {"covered_lines": 0, "num_statements": 0, "percent_covered": 100.0, "percent_covered_display": "100.00", "missing_lines": 0, "excluded_lines": 0}, "missing_lines": [], "excluded_lines": []}}, "classes": {"": {"executed_lines": [], "summary": {"covered_lines": 0, "num_statements": 0, "percent_covered": 100.0, "percent_covered_display": "100.00", "missing_lines": 0, "excluded_lines": 0}, "missing_lines": [], "excluded_lines": []}}}, "backend/src/functions/calculator.py": {"executed_lines": [], "summary": {"covered_lines": 0, "num_statements": 10, "percent_covered": 0.0, "percent_covered_display": "0.00", "missing_lines": 10, "excluded_lines": 0}, "missing_lines": [1, 3, 6, 8, 11, 13, 16, 18, 19, 20], "excluded_lines": [], "functions": {"multiply": {"executed_lines": [], "summary": {"covered_lines": 0, "num_statements": 1, "percent_covered": 0.0, "percent_covered_display": "0.00", "missing_lines": 1, "excluded_lines": 0}, "missing_lines": [3], "excluded_lines": []}, "add": {"executed_lines": [], "summary": {"covered_lines": 0, "num_statements": 1, "percent_covered": 0.0, "percent_covered_display": "0.00", "missing_lines": 1, "excluded_lines": 0}, "missing_lines": [8], "excluded_lines": []}, "subtract": {"executed_lines": [], "summary": {"covered_lines": 0, "num_statements": 1, "percent_covered": 0.0, "percent_covered_display": "0.00", "missing_lines": 1, "excluded_lines": 0}, "missing_lines": [13], "excluded_lines": []}, "divide": {"executed_lines": [], "summary": {"covered_lines": 0, "num_statements": 3, "percent_covered": 0.0, "percent_covered_display": "0.00", "missing_lines": 3, "excluded_lines": 0}, "missing_lines": [18, 19, 20], "excluded_lines": []}, "": {"executed_lines": [], "summary": {"covered_lines": 0, "num_statements": 4, "percent_covered": 0.0, "percent_covered_display": "0.00", "missing_lines": 4, "excluded_lines": 0}, "missing_lines": [1, 6, 11, 16], "excluded_lines": []}}, "classes": {"": {"executed_lines": [], "summary": {"covered_lines": 0, "num_statements": 10, "percent_covered": 0.0, "percent_covered_display": "0.00", "missing_lines": 10, "excluded_lines": 0}, "missing_lines": [1, 3, 6, 8, 11, 13, 16, 18, 19, 20], "excluded_lines": []}}}, "backend/src/functions/helper.py": {"executed_lines": [], "summary": {"covered_lines": 0, "num_statements": 3, "percent_covered": 0.0, "percent_covered_display": "0.00", "missing_lines": 3, "excluded_lines": 0}, "missing_lines": [1, 4, 5], "excluded_lines": [], "functions": {"get_tool_schema": {"executed_lines": [], "summary": {"covered_lines": 0, "num_statements": 1, "percent_covered": 0.0, "percent_covered_display": "0.00", "missing_lines": 1, "excluded_lines": 0}, "missing_lines": [5], "excluded_lines": []}, "": {"executed_lines": [], "summary": {"covered_lines": 0, "num_statements": 2, "percent_covered": 0.0, "percent_covered_display": "0.00", "missing_lines": 2, "excluded_lines": 0}, "missing_lines": [1, 4], "excluded_lines": []}}, "classes": {"": {"executed_lines": [], "summary": {"covered_lines": 0, "num_statements": 3, "percent_covered": 0.0, "percent_covered_display": "0.00", "missing_lines": 3, "excluded_lines": 0}, "missing_lines": [1, 4, 5], "excluded_lines": []}}}, "backend/src/functions/web_search.py": {"executed_lines": [], "summary": {"covered_lines": 0, "num_statements": 34, "percent_covered": 0.0, "percent_covered_display": "0.00", "missing_lines": 34, "excluded_lines": 0}, "missing_lines": [1, 3, 4, 5, 7, 9, 12, 13, 14, 15, 16, 17, 18, 21, 22, 23, 24, 25, 27, 28, 29, 30, 32, 36, 37, 38, 39, 41, 42, 44, 45, 46, 47, 50], "excluded_lines": [], "functions": {"get_tavily_client": {"executed_lines": [], "summary": {"covered_lines": 0, "num_statements": 6, "percent_covered": 0.0, "percent_covered_display": "0.00", "missing_lines": 6, "excluded_lines": 0}, "missing_lines": [13, 14, 15, 16, 17, 18], "excluded_lines": []}, "tavily_search": {"executed_lines": [], "summary": {"covered_lines": 0, "num_statements": 19, "percent_covered": 0.0, "percent_covered_display": "0.00", "missing_lines": 19, "excluded_lines": 0}, "missing_lines": [22, 23, 24, 25, 27, 28, 29, 30, 32, 36, 37, 38, 39, 41, 42, 44, 45, 46, 47], "excluded_lines": []}, "": {"executed_lines": [], "summary": {"covered_lines": 0, "num_statements": 9, "percent_covered": 0.0, "percent_covered_display": "0.00", "missing_lines": 9, "excluded_lines": 0}, "missing_lines": [1, 3, 4, 5, 7, 9, 12, 21, 50], "excluded_lines": []}}, "classes": {"": {"executed_lines": [], "summary": {"covered_lines": 0, "num_statements": 34, "percent_covered": 0.0, "percent_covered_display": "0.00", "missing_lines": 34, "excluded_lines": 0}, "missing_lines": [1, 3, 4, 5, 7, 9, 12, 13, 14, 15, 16, 17, 18, 21, 22, 23, 24, 25, 27, 28, 29, 30, 32, 36, 37, 38, 39, 41, 42, 44, 45, 46, 47, 50], "excluded_lines": []}}}, "backend/src/helpers.py": {"executed_lines": [], "summary": {"covered_lines": 0, "num_statements": 26, "percent_covered": 0.0, "percent_covered_display": "0.00", "missing_lines": 26, "excluded_lines": 0}, "missing_lines": [1, 2, 4, 6, 7, 8, 11, 12, 15, 16, 17, 18, 19, 20, 25, 26, 27, 32, 33, 34, 35, 37, 38, 48, 49, 50], "excluded_lines": [], "functions": {"generate_hash": {"executed_lines": [], "summary": {"covered_lines": 0, "num_statements": 1, "percent_covered": 0.0, "percent_covered_display": "0.00", "missing_lines": 1, "excluded_lines": 0}, "missing_lines": [12], "excluded_lines": []}, "check_database_health": {"executed_lines": [], "summary": {"covered_lines": 0, "num_statements": 8, "percent_covered": 0.0, "percent_covered_display": "0.00", "missing_lines": 8, "excluded_lines": 0}, "missing_lines": [16, 17, 18, 19, 20, 25, 26, 27], "excluded_lines": []}, "check_cache_health": {"executed_lines": [], "summary": {"covered_lines": 0, "num_statements": 8, "percent_covered": 0.0, "percent_covered_display": "0.00", "missing_lines": 8, "excluded_lines": 0}, "missing_lines": [33, 34, 35, 37, 38, 48, 49, 50], "excluded_lines": []}, "": {"executed_lines": [], "summary": {"covered_lines": 0, "num_statements": 9, "percent_covered": 0.0, "percent_covered_display": "0.00", "missing_lines": 9, "excluded_lines": 0}, "missing_lines": [1, 2, 4, 6, 7, 8, 11, 15, 32], "excluded_lines": []}}, "classes": {"": {"executed_lines": [], "summary": {"covered_lines": 0, "num_statements": 26, "percent_covered": 0.0, "percent_covered_display": "0.00", "missing_lines": 26, "excluded_lines": 0}, "missing_lines": [1, 2, 4, 6, 7, 8, 11, 12, 15, 16, 17, 18, 19, 20, 25, 26, 27, 32, 33, 34, 35, 37, 38, 48, 49, 50], "excluded_lines": []}}}, "backend/src/main.py": {"executed_lines": [], "summary": {"covered_lines": 0, "num_statements": 119, "percent_covered": 0.0, "percent_covered_display": "0.00", "missing_lines": 119, "excluded_lines": 0}, "missing_lines": [1, 3, 4, 5, 6, 8, 9, 10, 11, 13, 15, 16, 17, 19, 21, 24, 25, 26, 29, 30, 31, 35, 36, 37, 38, 39, 43, 46, 49, 52, 54, 58, 59, 61, 69, 70, 71, 74, 79, 80, 81, 85, 86, 87, 89, 90, 91, 94, 102, 103, 104, 108, 110, 112, 115, 116, 120, 121, 126, 134, 140, 141, 144, 145, 146, 147, 148, 150, 151, 153, 154, 155, 157, 158, 159, 160, 161, 164, 165, 166, 168, 169, 172, 177, 178, 179, 182, 183, 185, 187, 188, 190, 191, 192, 194, 195, 196, 198, 199, 201, 204, 213, 219, 220, 222, 225, 226, 228, 229, 230, 231, 235, 236, 237, 238, 239, 242, 243, 244], "excluded_lines": [], "functions": {"prometheus_middleware": {"executed_lines": [], "summary": {"covered_lines": 0, "num_statements": 27, "percent_covered": 0.0, "percent_covered_display": "0.00", "missing_lines": 27, "excluded_lines": 0}, "missing_lines": [61, 69, 70, 71, 74, 79, 80, 81, 85, 86, 87, 89, 90, 91, 94, 102, 103, 104, 108, 110, 112, 115, 116, 120, 121, 126, 134], "excluded_lines": []}, "on_startup": {"executed_lines": [], "summary": {"covered_lines": 0, "num_statements": 47, "percent_covered": 0.0, "percent_covered_display": "0.00", "missing_lines": 47, "excluded_lines": 0}, "missing_lines": [146, 147, 148, 150, 151, 153, 154, 155, 157, 158, 159, 160, 161, 164, 165, 166, 168, 169, 172, 177, 178, 179, 182, 183, 185, 187, 188, 190, 191, 192, 194, 195, 196, 198, 199, 201, 204, 213, 219, 220, 222, 225, 226, 228, 229, 230, 231], "excluded_lines": []}, "read_root": {"executed_lines": [], "summary": {"covered_lines": 0, "num_statements": 1, "percent_covered": 0.0, "percent_covered_display": "0.00", "missing_lines": 1, "excluded_lines": 0}, "missing_lines": [244], "excluded_lines": []}, "": {"executed_lines": [], "summary": {"covered_lines": 0, "num_statements": 44, "percent_covered": 0.0, "percent_covered_display": "0.00", "missing_lines": 44, "excluded_lines": 0}, "missing_lines": [1, 3, 4, 5, 6, 8, 9, 10, 11, 13, 15, 16, 17, 19, 21, 24, 25, 26, 29, 30, 31, 35, 36, 37, 38, 39, 43, 46, 49, 52, 54, 58, 59, 140, 141, 144, 145, 235, 236, 237, 238, 239, 242, 243], "excluded_lines": []}}, "classes": {"": {"executed_lines": [], "summary": {"covered_lines": 0, "num_statements": 119, "percent_covered": 0.0, "percent_covered_display": "0.00", "missing_lines": 119, "excluded_lines": 0}, "missing_lines": [1, 3, 4, 5, 6, 8, 9, 10, 11, 13, 15, 16, 17, 19, 21, 24, 25, 26, 29, 30, 31, 35, 36, 37, 38, 39, 43, 46, 49, 52, 54, 58, 59, 61, 69, 70, 71, 74, 79, 80, 81, 85, 86, 87, 89, 90, 91, 94, 102, 103, 104, 108, 110, 112, 115, 116, 120, 121, 126, 134, 140, 141, 144, 145, 146, 147, 148, 150, 151, 153, 154, 155, 157, 158, 159, 160, 161, 164, 165, 166, 168, 169, 172, 177, 178, 179, 182, 183, 185, 187, 188, 190, 191, 192, 194, 195, 196, 198, 199, 201, 204, 213, 219, 220, 222, 225, 226, 228, 229, 230, 231, 235, 236, 237, 238, 239, 242, 243, 244], "excluded_lines": []}}}, "backend/src/models.py": {"executed_lines": [], "summary": {"covered_lines": 0, "num_statements": 113, "percent_covered": 0.0, "percent_covered_display": "0.00", "missing_lines": 113, "excluded_lines": 0}, "missing_lines": [1, 2, 4, 5, 6, 7, 8, 10, 11, 13, 16, 19, 22, 24, 25, 26, 27, 30, 35, 38, 40, 41, 42, 43, 46, 47, 48, 51, 52, 53, 56, 61, 63, 65, 66, 67, 68, 71, 72, 73, 74, 75, 76, 77, 78, 79, 80, 81, 82, 83, 84, 85, 86, 87, 90, 93, 95, 97, 98, 101, 102, 103, 104, 105, 106, 107, 108, 109, 110, 111, 112, 115, 118, 120, 122, 123, 124, 127, 128, 131, 134, 137, 139, 142, 143, 144, 145, 148, 153, 156, 158, 161, 167, 168, 169, 170, 173, 175, 180, 181, 182, 183, 184, 185, 186, 189, 194, 195, 200, 201, 202, 203, 204], "excluded_lines": [], "functions": {"init_db": {"executed_lines": [], "summary": {"covered_lines": 0, "num_statements": 6, "percent_covered": 0.0, "percent_covered_display": "0.00", "missing_lines": 6, "excluded_lines": 0}, "missing_lines": [181, 182, 183, 184, 185, 186], "excluded_lines": []}, "insert_document": {"executed_lines": [], "summary": {"covered_lines": 0, "num_statements": 7, "percent_covered": 0.0, "percent_covered_display": "0.00", "missing_lines": 7, "excluded_lines": 0}, "missing_lines": [194, 195, 200, 201, 202, 203, 204], "excluded_lines": []}, "": {"executed_lines": [], "summary": {"covered_lines": 0, "num_statements": 100, "percent_covered": 0.0, "percent_covered_display": "0.00", "missing_lines": 100, "excluded_lines": 0}, "missing_lines": [1, 2, 4, 5, 6, 7, 8, 10, 11, 13, 16, 19, 22, 24, 25, 26, 27, 30, 35, 38, 40, 41, 42, 43, 46, 47, 48, 51, 52, 53, 56, 61, 63, 65, 66, 67, 68, 71, 72, 73, 74, 75, 76, 77, 78, 79, 80, 81, 82, 83, 84, 85, 86, 87, 90, 93, 95, 97, 98, 101, 102, 103, 104, 105, 106, 107, 108, 109, 110, 111, 112, 115, 118, 120, 122, 123, 124, 127, 128, 131, 134, 137, 139, 142, 143, 144, 145, 148, 153, 156, 158, 161, 167, 168, 169, 170, 173, 175, 180, 189], "excluded_lines": []}}, "classes": {"User": {"executed_lines": [], "summary": {"covered_lines": 0, "num_statements": 0, "percent_covered": 100.0, "percent_covered_display": "100.00", "missing_lines": 0, "excluded_lines": 0}, "missing_lines": [], "excluded_lines": []}, "Thread": {"executed_lines": [], "summary": {"covered_lines": 0, "num_statements": 0, "percent_covered": 100.0, "percent_covered_display": "100.00", "missing_lines": 0, "excluded_lines": 0}, "missing_lines": [], "excluded_lines": []}, "Step": {"executed_lines": [], "summary": {"covered_lines": 0, "num_statements": 0, "percent_covered": 100.0, "percent_covered_display": "100.00", "missing_lines": 0, "excluded_lines": 0}, "missing_lines": [], "excluded_lines": []}, "Element": {"executed_lines": [], "summary": {"covered_lines": 0, "num_statements": 0, "percent_covered": 100.0, "percent_covered_display": "100.00", "missing_lines": 0, "excluded_lines": 0}, "missing_lines": [], "excluded_lines": []}, "Feedback": {"executed_lines": [], "summary": {"covered_lines": 0, "num_statements": 0, "percent_covered": 100.0, "percent_covered_display": "100.00", "missing_lines": 0, "excluded_lines": 0}, "missing_lines": [], "excluded_lines": []}, "Document": {"executed_lines": [], "summary": {"covered_lines": 0, "num_statements": 0, "percent_covered": 100.0, "percent_covered_display": "100.00", "missing_lines": 0, "excluded_lines": 0}, "missing_lines": [], "excluded_lines": []}, "Chunk": {"executed_lines": [], "summary": {"covered_lines": 0, "num_statements": 0, "percent_covered": 100.0, "percent_covered_display": "100.00", "missing_lines": 0, "excluded_lines": 0}, "missing_lines": [], "excluded_lines": []}, "": {"executed_lines": [], "summary": {"covered_lines": 0, "num_statements": 113, "percent_covered": 0.0, "percent_covered_display": "0.00", "missing_lines": 113, "excluded_lines": 0}, "missing_lines": [1, 2, 4, 5, 6, 7, 8, 10, 11, 13, 16, 19, 22, 24, 25, 26, 27, 30, 35, 38, 40, 41, 42, 43, 46, 47, 48, 51, 52, 53, 56, 61, 63, 65, 66, 67, 68, 71, 72, 73, 74, 75, 76, 77, 78, 79, 80, 81, 82, 83, 84, 85, 86, 87, 90, 93, 95, 97, 98, 101, 102, 103, 104, 105, 106, 107, 108, 109, 110, 111, 112, 115, 118, 120, 122, 123, 124, 127, 128, 131, 134, 137, 139, 142, 143, 144, 145, 148, 153, 156, 158, 161, 167, 168, 169, 170, 173, 175, 180, 181, 182, 183, 184, 185, 186, 189, 194, 195, 200, 201, 202, 203, 204], "excluded_lines": []}}}, "backend/src/routers/__init__.py": {"executed_lines": [], "summary": {"covered_lines": 0, "num_statements": 0, "percent_covered": 100.0, "percent_covered_display": "100.00", "missing_lines": 0, "excluded_lines": 0}, "missing_lines": [], "excluded_lines": [], "functions": {"": {"executed_lines": [], "summary": {"covered_lines": 0, "num_statements": 0, "percent_covered": 100.0, "percent_covered_display": "100.00", "missing_lines": 0, "excluded_lines": 0}, "missing_lines": [], "excluded_lines": []}}, "classes": {"": {"executed_lines": [], "summary": {"covered_lines": 0, "num_statements": 0, "percent_covered": 100.0, "percent_covered_display": "100.00", "missing_lines": 0, "excluded_lines": 0}, "missing_lines": [], "excluded_lines": []}}}, "backend/src/routers/audio.py": {"executed_lines": [], "summary": {"covered_lines": 0, "num_statements": 102, "percent_covered": 0.0, "percent_covered_display": "0.00", "missing_lines": 102, "excluded_lines": 0}, "missing_lines": [3, 4, 5, 6, 7, 9, 10, 11, 12, 14, 15, 16, 17, 18, 19, 21, 23, 26, 32, 33, 36, 37, 49, 50, 52, 56, 57, 59, 64, 65, 67, 68, 73, 76, 83, 85, 87, 88, 89, 92, 94, 99, 100, 108, 109, 111, 112, 133, 134, 138, 142, 151, 152, 153, 156, 158, 163, 164, 178, 180, 182, 183, 186, 190, 191, 194, 195, 198, 200, 201, 202, 205, 208, 209, 212, 219, 220, 221, 224, 225, 227, 229, 231, 243, 246, 247, 249, 250, 251, 253, 255, 271, 272, 273, 276, 278, 283, 284, 290, 292, 293, 295], "excluded_lines": [], "functions": {"speech_to_text": {"executed_lines": [], "summary": {"covered_lines": 0, "num_statements": 19, "percent_covered": 0.0, "percent_covered_display": "0.00", "missing_lines": 19, "excluded_lines": 0}, "missing_lines": [49, 50, 52, 56, 57, 59, 64, 65, 67, 68, 73, 76, 83, 85, 87, 88, 89, 92, 94], "excluded_lines": []}, "text_to_speech": {"executed_lines": [], "summary": {"covered_lines": 0, "num_statements": 13, "percent_covered": 0.0, "percent_covered_display": "0.00", "missing_lines": 13, "excluded_lines": 0}, "missing_lines": [108, 109, 111, 112, 133, 134, 138, 142, 151, 152, 153, 156, 158], "excluded_lines": []}, "audio_rag_query": {"executed_lines": [], "summary": {"covered_lines": 0, "num_statements": 38, "percent_covered": 0.0, "percent_covered_display": "0.00", "missing_lines": 38, "excluded_lines": 0}, "missing_lines": [178, 180, 182, 183, 186, 190, 191, 194, 195, 198, 200, 201, 202, 205, 208, 209, 212, 219, 220, 221, 224, 225, 227, 229, 231, 243, 246, 247, 249, 250, 251, 253, 255, 271, 272, 273, 276, 278], "excluded_lines": []}, "get_audio_file": {"executed_lines": [], "summary": {"covered_lines": 0, "num_statements": 4, "percent_covered": 0.0, "percent_covered_display": "0.00", "missing_lines": 4, "excluded_lines": 0}, "missing_lines": [290, 292, 293, 295], "excluded_lines": []}, "": {"executed_lines": [], "summary": {"covered_lines": 0, "num_statements": 28, "percent_covered": 0.0, "percent_covered_display": "0.00", "missing_lines": 28, "excluded_lines": 0}, "missing_lines": [3, 4, 5, 6, 7, 9, 10, 11, 12, 14, 15, 16, 17, 18, 19, 21, 23, 26, 32, 33, 36, 37, 99, 100, 163, 164, 283, 284], "excluded_lines": []}}, "classes": {"": {"executed_lines": [], "summary": {"covered_lines": 0, "num_statements": 102, "percent_covered": 0.0, "percent_covered_display": "0.00", "missing_lines": 102, "excluded_lines": 0}, "missing_lines": [3, 4, 5, 6, 7, 9, 10, 11, 12, 14, 15, 16, 17, 18, 19, 21, 23, 26, 32, 33, 36, 37, 49, 50, 52, 56, 57, 59, 64, 65, 67, 68, 73, 76, 83, 85, 87, 88, 89, 92, 94, 99, 100, 108, 109, 111, 112, 133, 134, 138, 142, 151, 152, 153, 156, 158, 163, 164, 178, 180, 182, 183, 186, 190, 191, 194, 195, 198, 200, 201, 202, 205, 208, 209, 212, 219, 220, 221, 224, 225, 227, 229, 231, 243, 246, 247, 249, 250, 251, 253, 255, 271, 272, 273, 276, 278, 283, 284, 290, 292, 293, 295], "excluded_lines": []}}}, "backend/src/routers/documents.py": {"executed_lines": [], "summary": {"covered_lines": 0, "num_statements": 143, "percent_covered": 0.0, "percent_covered_display": "0.00", "missing_lines": 143, "excluded_lines": 0}, "missing_lines": [3, 4, 5, 7, 8, 10, 11, 12, 13, 23, 25, 28, 31, 32, 38, 39, 41, 47, 49, 51, 52, 54, 57, 58, 60, 61, 62, 72, 81, 83, 84, 85, 88, 89, 96, 97, 99, 107, 108, 109, 110, 113, 114, 120, 122, 123, 125, 126, 128, 130, 143, 145, 146, 147, 150, 151, 161, 162, 163, 164, 167, 168, 175, 178, 180, 203, 205, 206, 207, 210, 211, 217, 218, 224, 226, 236, 237, 238, 241, 242, 246, 247, 248, 249, 251, 252, 255, 257, 277, 279, 280, 281, 282, 283, 286, 287, 292, 293, 294, 295, 297, 298, 301, 303, 304, 305, 306, 307, 310, 312, 313, 314, 315, 316, 317, 320, 323, 324, 327, 329, 332, 334, 335, 336, 337, 338, 341, 345, 351, 352, 353, 354, 356, 357, 360, 362, 364, 372, 374, 375, 376, 377, 378], "excluded_lines": [], "functions": {"ingest_dataset": {"executed_lines": [], "summary": {"covered_lines": 0, "num_statements": 27, "percent_covered": 0.0, "percent_covered_display": "0.00", "missing_lines": 27, "excluded_lines": 0}, "missing_lines": [38, 39, 41, 47, 49, 51, 52, 54, 57, 58, 60, 61, 62, 72, 81, 83, 84, 85, 88, 89, 96, 97, 99, 107, 108, 109, 110], "excluded_lines": []}, "get_indexing_job_status": {"executed_lines": [], "summary": {"covered_lines": 0, "num_statements": 11, "percent_covered": 0.0, "percent_covered_display": "0.00", "missing_lines": 11, "excluded_lines": 0}, "missing_lines": [120, 122, 123, 125, 126, 128, 130, 143, 145, 146, 147], "excluded_lines": []}, "list_documents": {"executed_lines": [], "summary": {"covered_lines": 0, "num_statements": 13, "percent_covered": 0.0, "percent_covered_display": "0.00", "missing_lines": 13, "excluded_lines": 0}, "missing_lines": [161, 162, 163, 164, 167, 168, 175, 178, 180, 203, 205, 206, 207], "excluded_lines": []}, "create_document": {"executed_lines": [], "summary": {"covered_lines": 0, "num_statements": 7, "percent_covered": 0.0, "percent_covered_display": "0.00", "missing_lines": 7, "excluded_lines": 0}, "missing_lines": [217, 218, 224, 226, 236, 237, 238], "excluded_lines": []}, "get_document": {"executed_lines": [], "summary": {"covered_lines": 0, "num_statements": 14, "percent_covered": 0.0, "percent_covered_display": "0.00", "missing_lines": 14, "excluded_lines": 0}, "missing_lines": [246, 247, 248, 249, 251, 252, 255, 257, 277, 279, 280, 281, 282, 283], "excluded_lines": []}, "delete_document": {"executed_lines": [], "summary": {"covered_lines": 0, "num_statements": 30, "percent_covered": 0.0, "percent_covered_display": "0.00", "missing_lines": 30, "excluded_lines": 0}, "missing_lines": [292, 293, 294, 295, 297, 298, 301, 303, 304, 305, 306, 307, 310, 312, 313, 314, 315, 316, 317, 320, 323, 324, 327, 329, 332, 334, 335, 336, 337, 338], "excluded_lines": []}, "reindex_document": {"executed_lines": [], "summary": {"covered_lines": 0, "num_statements": 15, "percent_covered": 0.0, "percent_covered_display": "0.00", "missing_lines": 15, "excluded_lines": 0}, "missing_lines": [351, 352, 353, 354, 356, 357, 360, 362, 364, 372, 374, 375, 376, 377, 378], "excluded_lines": []}, "": {"executed_lines": [], "summary": {"covered_lines": 0, "num_statements": 26, "percent_covered": 0.0, "percent_covered_display": "0.00", "missing_lines": 26, "excluded_lines": 0}, "missing_lines": [3, 4, 5, 7, 8, 10, 11, 12, 13, 23, 25, 28, 31, 32, 113, 114, 150, 151, 210, 211, 241, 242, 286, 287, 341, 345], "excluded_lines": []}}, "classes": {"": {"executed_lines": [], "summary": {"covered_lines": 0, "num_statements": 143, "percent_covered": 0.0, "percent_covered_display": "0.00", "missing_lines": 143, "excluded_lines": 0}, "missing_lines": [3, 4, 5, 7, 8, 10, 11, 12, 13, 23, 25, 28, 31, 32, 38, 39, 41, 47, 49, 51, 52, 54, 57, 58, 60, 61, 62, 72, 81, 83, 84, 85, 88, 89, 96, 97, 99, 107, 108, 109, 110, 113, 114, 120, 122, 123, 125, 126, 128, 130, 143, 145, 146, 147, 150, 151, 161, 162, 163, 164, 167, 168, 175, 178, 180, 203, 205, 206, 207, 210, 211, 217, 218, 224, 226, 236, 237, 238, 241, 242, 246, 247, 248, 249, 251, 252, 255, 257, 277, 279, 280, 281, 282, 283, 286, 287, 292, 293, 294, 295, 297, 298, 301, 303, 304, 305, 306, 307, 310, 312, 313, 314, 315, 316, 317, 320, 323, 324, 327, 329, 332, 334, 335, 336, 337, 338, 341, 345, 351, 352, 353, 354, 356, 357, 360, 362, 364, 372, 374, 375, 376, 377, 378], "excluded_lines": []}}}, "backend/src/routers/health.py": {"executed_lines": [], "summary": {"covered_lines": 0, "num_statements": 33, "percent_covered": 0.0, "percent_covered_display": "0.00", "missing_lines": 33, "excluded_lines": 0}, "missing_lines": [3, 4, 6, 7, 13, 16, 17, 19, 20, 21, 22, 23, 24, 27, 28, 30, 32, 34, 35, 36, 39, 41, 51, 52, 59, 61, 62, 64, 74, 75, 76, 77, 78], "excluded_lines": [], "functions": {"readiness_check": {"executed_lines": [], "summary": {"covered_lines": 0, "num_statements": 6, "percent_covered": 0.0, "percent_covered_display": "0.00", "missing_lines": 6, "excluded_lines": 0}, "missing_lines": [19, 20, 21, 22, 23, 24], "excluded_lines": []}, "health_check": {"executed_lines": [], "summary": {"covered_lines": 0, "num_statements": 7, "percent_covered": 0.0, "percent_covered_display": "0.00", "missing_lines": 7, "excluded_lines": 0}, "missing_lines": [30, 32, 34, 35, 36, 39, 41], "excluded_lines": []}, "get_cache_statistics": {"executed_lines": [], "summary": {"covered_lines": 0, "num_statements": 9, "percent_covered": 0.0, "percent_covered_display": "0.00", "missing_lines": 9, "excluded_lines": 0}, "missing_lines": [59, 61, 62, 64, 74, 75, 76, 77, 78], "excluded_lines": []}, "": {"executed_lines": [], "summary": {"covered_lines": 0, "num_statements": 11, "percent_covered": 0.0, "percent_covered_display": "0.00", "missing_lines": 11, "excluded_lines": 0}, "missing_lines": [3, 4, 6, 7, 13, 16, 17, 27, 28, 51, 52], "excluded_lines": []}}, "classes": {"": {"executed_lines": [], "summary": {"covered_lines": 0, "num_statements": 33, "percent_covered": 0.0, "percent_covered_display": "0.00", "missing_lines": 33, "excluded_lines": 0}, "missing_lines": [3, 4, 6, 7, 13, 16, 17, 19, 20, 21, 22, 23, 24, 27, 28, 30, 32, 34, 35, 36, 39, 41, 51, 52, 59, 61, 62, 64, 74, 75, 76, 77, 78], "excluded_lines": []}}}, "backend/src/routers/models.py": {"executed_lines": [], "summary": {"covered_lines": 0, "num_statements": 67, "percent_covered": 0.0, "percent_covered_display": "0.00", "missing_lines": 67, "excluded_lines": 0}, "missing_lines": [3, 4, 6, 7, 9, 10, 11, 19, 20, 22, 24, 27, 30, 31, 43, 44, 47, 50, 52, 53, 54, 57, 60, 64, 65, 69, 74, 84, 85, 86, 87, 88, 91, 92, 104, 105, 108, 111, 113, 120, 121, 125, 131, 132, 134, 145, 146, 147, 150, 151, 163, 164, 167, 169, 170, 173, 174, 175, 179, 183, 188, 189, 193, 198, 208, 209, 210], "excluded_lines": [], "functions": {"embed_endpoint": {"executed_lines": [], "summary": {"covered_lines": 0, "num_statements": 18, "percent_covered": 0.0, "percent_covered_display": "0.00", "missing_lines": 18, "excluded_lines": 0}, "missing_lines": [43, 44, 47, 50, 52, 53, 54, 57, 60, 64, 65, 69, 74, 84, 85, 86, 87, 88], "excluded_lines": []}, "rerank_endpoint": {"executed_lines": [], "summary": {"covered_lines": 0, "num_statements": 14, "percent_covered": 0.0, "percent_covered_display": "0.00", "missing_lines": 14, "excluded_lines": 0}, "missing_lines": [104, 105, 108, 111, 113, 120, 121, 125, 131, 132, 134, 145, 146, 147], "excluded_lines": []}, "guard_endpoint": {"executed_lines": [], "summary": {"covered_lines": 0, "num_statements": 17, "percent_covered": 0.0, "percent_covered_display": "0.00", "missing_lines": 17, "excluded_lines": 0}, "missing_lines": [163, 164, 167, 169, 170, 173, 174, 175, 179, 183, 188, 189, 193, 198, 208, 209, 210], "excluded_lines": []}, "": {"executed_lines": [], "summary": {"covered_lines": 0, "num_statements": 18, "percent_covered": 0.0, "percent_covered_display": "0.00", "missing_lines": 18, "excluded_lines": 0}, "missing_lines": [3, 4, 6, 7, 9, 10, 11, 19, 20, 22, 24, 27, 30, 31, 91, 92, 150, 151], "excluded_lines": []}}, "classes": {"": {"executed_lines": [], "summary": {"covered_lines": 0, "num_statements": 67, "percent_covered": 0.0, "percent_covered_display": "0.00", "missing_lines": 67, "excluded_lines": 0}, "missing_lines": [3, 4, 6, 7, 9, 10, 11, 19, 20, 22, 24, 27, 30, 31, 43, 44, 47, 50, 52, 53, 54, 57, 60, 64, 65, 69, 74, 84, 85, 86, 87, 88, 91, 92, 104, 105, 108, 111, 113, 120, 121, 125, 131, 132, 134, 145, 146, 147, 150, 151, 163, 164, 167, 169, 170, 173, 174, 175, 179, 183, 188, 189, 193, 198, 208, 209, 210], "excluded_lines": []}}}, "backend/src/routers/rag.py": {"executed_lines": [], "summary": {"covered_lines": 0, "num_statements": 26, "percent_covered": 0.0, "percent_covered_display": "0.00", "missing_lines": 26, "excluded_lines": 0}, "missing_lines": [3, 4, 5, 6, 8, 9, 10, 11, 13, 16, 19, 20, 33, 37, 38, 39, 40, 42, 44, 52, 60, 64, 66, 67, 70, 71], "excluded_lines": [], "functions": {"rag_query": {"executed_lines": [], "summary": {"covered_lines": 0, "num_statements": 14, "percent_covered": 0.0, "percent_covered_display": "0.00", "missing_lines": 14, "excluded_lines": 0}, "missing_lines": [33, 37, 38, 39, 40, 42, 44, 52, 60, 64, 66, 67, 70, 71], "excluded_lines": []}, "": {"executed_lines": [], "summary": {"covered_lines": 0, "num_statements": 12, "percent_covered": 0.0, "percent_covered_display": "0.00", "missing_lines": 12, "excluded_lines": 0}, "missing_lines": [3, 4, 5, 6, 8, 9, 10, 11, 13, 16, 19, 20], "excluded_lines": []}}, "classes": {"": {"executed_lines": [], "summary": {"covered_lines": 0, "num_statements": 26, "percent_covered": 0.0, "percent_covered_display": "0.00", "missing_lines": 26, "excluded_lines": 0}, "missing_lines": [3, 4, 5, 6, 8, 9, 10, 11, 13, 16, 19, 20, 33, 37, 38, 39, 40, 42, 44, 52, 60, 64, 66, 67, 70, 71], "excluded_lines": []}}}, "backend/src/schemas/__init__.py": {"executed_lines": [], "summary": {"covered_lines": 0, "num_statements": 0, "percent_covered": 100.0, "percent_covered_display": "100.00", "missing_lines": 0, "excluded_lines": 0}, "missing_lines": [], "excluded_lines": [], "functions": {"": {"executed_lines": [], "summary": {"covered_lines": 0, "num_statements": 0, "percent_covered": 100.0, "percent_covered_display": "100.00", "missing_lines": 0, "excluded_lines": 0}, "missing_lines": [], "excluded_lines": []}}, "classes": {"": {"executed_lines": [], "summary": {"covered_lines": 0, "num_statements": 0, "percent_covered": 100.0, "percent_covered_display": "100.00", "missing_lines": 0, "excluded_lines": 0}, "missing_lines": [], "excluded_lines": []}}}, "backend/src/schemas/schema.py": {"executed_lines": [], "summary": {"covered_lines": 0, "num_statements": 149, "percent_covered": 0.0, "percent_covered_display": "0.00", "missing_lines": 149, "excluded_lines": 0}, "missing_lines": [1, 2, 4, 7, 9, 10, 11, 12, 15, 17, 18, 19, 20, 23, 26, 27, 28, 29, 32, 34, 35, 36, 37, 40, 43, 44, 47, 48, 51, 52, 53, 54, 57, 60, 61, 62, 63, 66, 67, 68, 71, 74, 75, 76, 77, 80, 81, 82, 83, 86, 89, 90, 91, 96, 99, 100, 101, 102, 103, 104, 110, 113, 117, 120, 121, 124, 127, 135, 138, 139, 140, 143, 146, 147, 148, 149, 150, 153, 156, 157, 158, 159, 160, 161, 164, 167, 168, 169, 170, 171, 172, 173, 174, 175, 177, 178, 181, 184, 185, 186, 187, 188, 189, 190, 191, 192, 194, 195, 198, 201, 204, 207, 208, 209, 210, 213, 216, 217, 218, 224, 228, 233, 236, 237, 238, 239, 242, 245, 248, 251, 254, 260, 266, 269, 272, 273, 274, 277, 281, 282, 283, 284, 287, 290, 291, 292, 293, 294, 295], "excluded_lines": [], "functions": {"": {"executed_lines": [], "summary": {"covered_lines": 0, "num_statements": 149, "percent_covered": 0.0, "percent_covered_display": "0.00", "missing_lines": 149, "excluded_lines": 0}, "missing_lines": [1, 2, 4, 7, 9, 10, 11, 12, 15, 17, 18, 19, 20, 23, 26, 27, 28, 29, 32, 34, 35, 36, 37, 40, 43, 44, 47, 48, 51, 52, 53, 54, 57, 60, 61, 62, 63, 66, 67, 68, 71, 74, 75, 76, 77, 80, 81, 82, 83, 86, 89, 90, 91, 96, 99, 100, 101, 102, 103, 104, 110, 113, 117, 120, 121, 124, 127, 135, 138, 139, 140, 143, 146, 147, 148, 149, 150, 153, 156, 157, 158, 159, 160, 161, 164, 167, 168, 169, 170, 171, 172, 173, 174, 175, 177, 178, 181, 184, 185, 186, 187, 188, 189, 190, 191, 192, 194, 195, 198, 201, 204, 207, 208, 209, 210, 213, 216, 217, 218, 224, 228, 233, 236, 237, 238, 239, 242, 245, 248, 251, 254, 260, 266, 269, 272, 273, 274, 277, 281, 282, 283, 284, 287, 290, 291, 292, 293, 294, 295], "excluded_lines": []}}, "classes": {"RAGQueryRequest": {"executed_lines": [], "summary": {"covered_lines": 0, "num_statements": 0, "percent_covered": 100.0, "percent_covered_display": "100.00", "missing_lines": 0, "excluded_lines": 0}, "missing_lines": [], "excluded_lines": []}, "RAGQueryResponse": {"executed_lines": [], "summary": {"covered_lines": 0, "num_statements": 0, "percent_covered": 100.0, "percent_covered_display": "100.00", "missing_lines": 0, "excluded_lines": 0}, "missing_lines": [], "excluded_lines": []}, "HealthCheckResponse": {"executed_lines": [], "summary": {"covered_lines": 0, "num_statements": 0, "percent_covered": 100.0, "percent_covered_display": "100.00", "missing_lines": 0, "excluded_lines": 0}, "missing_lines": [], "excluded_lines": []}, "SystemHealthResponse": {"executed_lines": [], "summary": {"covered_lines": 0, "num_statements": 0, "percent_covered": 100.0, "percent_covered_display": "100.00", "missing_lines": 0, "excluded_lines": 0}, "missing_lines": [], "excluded_lines": []}, "CacheStatisticsResponse": {"executed_lines": [], "summary": {"covered_lines": 0, "num_statements": 0, "percent_covered": 100.0, "percent_covered_display": "100.00", "missing_lines": 0, "excluded_lines": 0}, "missing_lines": [], "excluded_lines": []}, "EmbedRequest": {"executed_lines": [], "summary": {"covered_lines": 0, "num_statements": 0, "percent_covered": 100.0, "percent_covered_display": "100.00", "missing_lines": 0, "excluded_lines": 0}, "missing_lines": [], "excluded_lines": []}, "EmbedResponse": {"executed_lines": [], "summary": {"covered_lines": 0, "num_statements": 0, "percent_covered": 100.0, "percent_covered_display": "100.00", "missing_lines": 0, "excluded_lines": 0}, "missing_lines": [], "excluded_lines": []}, "RerankRequest": {"executed_lines": [], "summary": {"covered_lines": 0, "num_statements": 0, "percent_covered": 100.0, "percent_covered_display": "100.00", "missing_lines": 0, "excluded_lines": 0}, "missing_lines": [], "excluded_lines": []}, "RerankResponse": {"executed_lines": [], "summary": {"covered_lines": 0, "num_statements": 0, "percent_covered": 100.0, "percent_covered_display": "100.00", "missing_lines": 0, "excluded_lines": 0}, "missing_lines": [], "excluded_lines": []}, "GuardRequest": {"executed_lines": [], "summary": {"covered_lines": 0, "num_statements": 0, "percent_covered": 100.0, "percent_covered_display": "100.00", "missing_lines": 0, "excluded_lines": 0}, "missing_lines": [], "excluded_lines": []}, "GuardResponse": {"executed_lines": [], "summary": {"covered_lines": 0, "num_statements": 0, "percent_covered": 100.0, "percent_covered_display": "100.00", "missing_lines": 0, "excluded_lines": 0}, "missing_lines": [], "excluded_lines": []}, "IngestDatasetRequest": {"executed_lines": [], "summary": {"covered_lines": 0, "num_statements": 0, "percent_covered": 100.0, "percent_covered_display": "100.00", "missing_lines": 0, "excluded_lines": 0}, "missing_lines": [], "excluded_lines": []}, "IngestDatasetResponse": {"executed_lines": [], "summary": {"covered_lines": 0, "num_statements": 0, "percent_covered": 100.0, "percent_covered_display": "100.00", "missing_lines": 0, "excluded_lines": 0}, "missing_lines": [], "excluded_lines": []}, "IndexingJobStatusResponse": {"executed_lines": [], "summary": {"covered_lines": 0, "num_statements": 0, "percent_covered": 100.0, "percent_covered_display": "1
[...]
: [53, 55, 56, 59, 60, 61, 62, 64, 68, 69], "excluded_lines": []}, "Qwen3RerankerService._rerank_with_local": {"executed_lines": [], "summary": {"covered_lines": 0, "num_statements": 10, "percent_covered": 0.0, "percent_covered_display": "0.00", "missing_lines": 10, "excluded_lines": 0}, "missing_lines": [79, 84, 91, 96, 97, 99, 100, 101, 103, 112], "excluded_lines": []}, "Qwen3RerankerService._format_rerank_context": {"executed_lines": [], "summary": {"covered_lines": 0, "num_statements": 6, "percent_covered": 0.0, "percent_covered_display": "0.00", "missing_lines": 6, "excluded_lines": 0}, "missing_lines": [118, 119, 120, 121, 122, 127], "excluded_lines": []}, "get_qwen3_reranker": {"executed_lines": [], "summary": {"covered_lines": 0, "num_statements": 3, "percent_covered": 0.0, "percent_covered_display": "0.00", "missing_lines": 3, "excluded_lines": 0}, "missing_lines": [135, 136, 137], "excluded_lines": []}, "": {"executed_lines": [], "summary": {"covered_lines": 0, "num_statements": 14, "percent_covered": 0.0, "percent_covered_display": "0.00", "missing_lines": 14, "excluded_lines": 0}, "missing_lines": [1, 3, 4, 6, 7, 9, 12, 25, 30, 45, 71, 114, 130, 133], "excluded_lines": []}}, "classes": {"Qwen3RerankerService": {"executed_lines": [], "summary": {"covered_lines": 0, "num_statements": 32, "percent_covered": 0.0, "percent_covered_display": "0.00", "missing_lines": 32, "excluded_lines": 0}, "missing_lines": [36, 37, 39, 41, 42, 43, 53, 55, 56, 59, 60, 61, 62, 64, 68, 69, 79, 84, 91, 96, 97, 99, 100, 101, 103, 112, 118, 119, 120, 121, 122, 127], "excluded_lines": []}, "": {"executed_lines": [], "summary": {"covered_lines": 0, "num_statements": 17, "percent_covered": 0.0, "percent_covered_display": "0.00", "missing_lines": 17, "excluded_lines": 0}, "missing_lines": [1, 3, 4, 6, 7, 9, 12, 25, 30, 45, 71, 114, 130, 133, 135, 136, 137], "excluded_lines": []}}}, "backend/src/services/stt_service.py": {"executed_lines": [], "summary": {"covered_lines": 0, "num_statements": 106, "percent_covered": 0.0, "percent_covered_display": "0.00", "missing_lines": 106, "excluded_lines": 0}, "missing_lines": [6, 7, 8, 9, 11, 12, 14, 17, 20, 21, 24, 30, 44, 45, 46, 47, 48, 50, 51, 53, 57, 59, 60, 61, 63, 66, 68, 78, 79, 80, 81, 82, 83, 84, 86, 96, 97, 99, 100, 101, 102, 103, 104, 105, 106, 107, 108, 110, 118, 119, 121, 122, 123, 126, 127, 128, 130, 157, 158, 163, 164, 165, 168, 169, 170, 171, 178, 179, 182, 183, 184, 185, 190, 195, 197, 198, 200, 205, 206, 208, 216, 217, 218, 221, 225, 226, 227, 230, 231, 232, 233, 236, 237, 238, 241, 242, 243, 247, 250, 253, 255, 256, 259, 273, 276, 277], "excluded_lines": [], "functions": {"SttService.__init__": {"executed_lines": [], "summary": {"covered_lines": 0, "num_statements": 8, "percent_covered": 0.0, "percent_covered_display": "0.00", "missing_lines": 8, "excluded_lines": 0}, "missing_lines": [44, 45, 46, 47, 48, 50, 51, 53], "excluded_lines": []}, "SttService.load_model": {"executed_lines": [], "summary": {"covered_lines": 0, "num_statements": 5, "percent_covered": 0.0, "percent_covered_display": "0.00", "missing_lines": 5, "excluded_lines": 0}, "missing_lines": [59, 60, 61, 63, 66], "excluded_lines": []}, "SttService._get_audio_hash": {"executed_lines": [], "summary": {"covered_lines": 0, "num_statements": 7, "percent_covered": 0.0, "percent_covered_display": "0.00", "missing_lines": 7, "excluded_lines": 0}, "missing_lines": [78, 79, 80, 81, 82, 83, 84], "excluded_lines": []}, "SttService._get_cached_transcript": {"executed_lines": [], "summary": {"covered_lines": 0, "num_statements": 12, "percent_covered": 0.0, "percent_covered_display": "0.00", "missing_lines": 12, "excluded_lines": 0}, "missing_lines": [96, 97, 99, 100, 101, 102, 103, 104, 105, 106, 107, 108], "excluded_lines": []}, "SttService._cache_transcript": {"executed_lines": [], "summary": {"covered_lines": 0, "num_statements": 8, "percent_covered": 0.0, "percent_covered_display": "0.00", "missing_lines": 8, "excluded_lines": 0}, "missing_lines": [118, 119, 121, 122, 123, 126, 127, 128], "excluded_lines": []}, "SttService.transcribe_audio": {"executed_lines": [], "summary": {"covered_lines": 0, "num_statements": 40, "percent_covered": 0.0, "percent_covered_display": "0.00", "missing_lines": 40, "excluded_lines": 0}, "missing_lines": [157, 158, 163, 164, 165, 168, 169, 170, 171, 178, 179, 182, 183, 184, 185, 190, 195, 197, 198, 200, 205, 206, 208, 216, 217, 218, 221, 225, 226, 227, 230, 231, 232, 233, 236, 237, 238, 241, 242, 243], "excluded_lines": []}, "get_stt_service": {"executed_lines": [], "summary": {"covered_lines": 0, "num_statements": 3, "percent_covered": 0.0, "percent_covered_display": "0.00", "missing_lines": 3, "excluded_lines": 0}, "missing_lines": [253, 255, 256], "excluded_lines": []}, "initialize_stt_service": {"executed_lines": [], "summary": {"covered_lines": 0, "num_statements": 3, "percent_covered": 0.0, "percent_covered_display": "0.00", "missing_lines": 3, "excluded_lines": 0}, "missing_lines": [273, 276, 277], "excluded_lines": []}, "": {"executed_lines": [], "summary": {"covered_lines": 0, "num_statements": 20, "percent_covered": 0.0, "percent_covered_display": "0.00", "missing_lines": 20, "excluded_lines": 0}, "missing_lines": [6, 7, 8, 9, 11, 12, 14, 17, 20, 21, 24, 30, 57, 68, 86, 110, 130, 247, 250, 259], "excluded_lines": []}}, "classes": {"SttService": {"executed_lines": [], "summary": {"covered_lines": 0, "num_statements": 80, "percent_covered": 0.0, "percent_covered_display": "0.00", "missing_lines": 80, "excluded_lines": 0}, "missing_lines": [44, 45, 46, 47, 48, 50, 51, 53, 59, 60, 61, 63, 66, 78, 79, 80, 81, 82, 83, 84, 96, 97, 99, 100, 101, 102, 103, 104, 105, 106, 107, 108, 118, 119, 121, 122, 123, 126, 127, 128, 157, 158, 163, 164, 165, 168, 169, 170, 171, 178, 179, 182, 183, 184, 185, 190, 195, 197, 198, 200, 205, 206, 208, 216, 217, 218, 221, 225, 226, 227, 230, 231, 232, 233, 236, 237, 238, 241, 242, 243], "excluded_lines": []}, "": {"executed_lines": [], "summary": {"covered_lines": 0, "num_statements": 26, "percent_covered": 0.0, "percent_covered_display": "0.00", "missing_lines": 26, "excluded_lines": 0}, "missing_lines": [6, 7, 8, 9, 11, 12, 14, 17, 20, 21, 24, 30, 57, 68, 86, 110, 130, 247, 250, 253, 255, 256, 259, 273, 276, 277], "excluded_lines": []}}}, "backend/src/services/summarizer.py": {"executed_lines": [], "summary": {"covered_lines": 0, "num_statements": 70, "percent_covered": 0.0, "percent_covered_display": "0.00", "missing_lines": 70, "excluded_lines": 0}, "missing_lines": [1, 2, 4, 6, 7, 9, 10, 11, 12, 15, 17, 20, 22, 23, 26, 30, 31, 33, 34, 35, 36, 37, 39, 40, 51, 57, 58, 60, 61, 63, 65, 66, 67, 70, 72, 73, 75, 76, 78, 79, 81, 84, 90, 91, 93, 95, 96, 98, 99, 101, 102, 104, 105, 107, 108, 109, 111, 112, 114, 115, 116, 117, 118, 119, 121, 122, 124, 126, 132, 141], "excluded_lines": [], "functions": {"estimate_tokens": {"executed_lines": [], "summary": {"covered_lines": 0, "num_statements": 1, "percent_covered": 0.0, "percent_covered_display": "0.00", "missing_lines": 1, "excluded_lines": 0}, "missing_lines": [17], "excluded_lines": []}, "calculate_messages_tokens": {"executed_lines": [], "summary": {"covered_lines": 0, "num_statements": 2, "percent_covered": 0.0, "percent_covered_display": "0.00", "missing_lines": 2, "excluded_lines": 0}, "missing_lines": [22, 23], "excluded_lines": []}, "get_summarized_content": {"executed_lines": [], "summary": {"covered_lines": 0, "num_statements": 18, "percent_covered": 0.0, "percent_covered_display": "0.00", "missing_lines": 18, "excluded_lines": 0}, "missing_lines": [30, 31, 33, 34, 35, 36, 37, 39, 40, 51, 57, 58, 60, 61, 63, 65, 66, 67], "excluded_lines": []}, "should_auto_summarize": {"executed_lines": [], "summary": {"covered_lines": 0, "num_statements": 7, "percent_covered": 0.0, "percent_covered_display": "0.00", "missing_lines": 7, "excluded_lines": 0}, "missing_lines": [72, 73, 75, 76, 78, 79, 81], "excluded_lines": []}, "summarize_old_messages": {"executed_lines": [], "summary": {"covered_lines": 0, "num_statements": 28, "percent_covered": 0.0, "percent_covered_display": "0.00", "missing_lines": 28, "excluded_lines": 0}, "missing_lines": [90, 91, 93, 95, 96, 98, 99, 101, 102, 104, 105, 107, 108, 109, 111, 112, 114, 115, 116, 117, 118, 119, 121, 122, 124, 126, 132, 141], "excluded_lines": []}, "": {"executed_lines": [], "summary": {"covered_lines": 0, "num_statements": 14, "percent_covered": 0.0, "percent_covered_display": "0.00", "missing_lines": 14, "excluded_lines": 0}, "missing_lines": [1, 2, 4, 6, 7, 9, 10, 11, 12, 15, 20, 26, 70, 84], "excluded_lines": []}}, "classes": {"": {"executed_lines": [], "summary": {"covered_lines": 0, "num_statements": 70, "percent_covered": 0.0, "percent_covered_display": "0.00", "missing_lines": 70, "excluded_lines": 0}, "missing_lines": [1, 2, 4, 6, 7, 9, 10, 11, 12, 15, 17, 20, 22, 23, 26, 30, 31, 33, 34, 35, 36, 37, 39, 40, 51, 57, 58, 60, 61, 63, 65, 66, 67, 70, 72, 73, 75, 76, 78, 79, 81, 84, 90, 91, 93, 95, 96, 98, 99, 101, 102, 104, 105, 107, 108, 109, 111, 112, 114, 115, 116, 117, 118, 119, 121, 122, 124, 126, 132, 141], "excluded_lines": []}}}, "backend/src/services/tts_service.py": {"executed_lines": [], "summary": {"covered_lines": 0, "num_statements": 83, "percent_covered": 0.0, "percent_covered_display": "0.00", "missing_lines": 83, "excluded_lines": 0}, "missing_lines": [6, 7, 8, 10, 11, 13, 16, 19, 20, 21, 24, 30, 42, 43, 44, 46, 47, 49, 51, 62, 63, 65, 75, 76, 78, 79, 80, 81, 82, 83, 84, 85, 86, 87, 89, 97, 98, 100, 101, 102, 103, 106, 107, 109, 135, 136, 139, 142, 143, 144, 145, 147, 148, 153, 154, 159, 170, 171, 172, 174, 175, 180, 181, 183, 185, 186, 189, 190, 191, 192, 196, 199, 202, 203, 204, 207, 216, 217, 218, 219, 220, 222, 223], "excluded_lines": [], "functions": {"TtsService.__init__": {"executed_lines": [], "summary": {"covered_lines": 0, "num_statements": 6, "percent_covered": 0.0, "percent_covered_display": "0.00", "missing_lines": 6, "excluded_lines": 0}, "missing_lines": [42, 43, 44, 46, 47, 49], "excluded_lines": []}, "TtsService._get_text_hash": {"executed_lines": [], "summary": {"covered_lines": 0, "num_statements": 2, "percent_covered": 0.0, "percent_covered_display": "0.00", "missing_lines": 2, "excluded_lines": 0}, "missing_lines": [62, 63], "excluded_lines": []}, "TtsService._get_cached_audio": {"executed_lines": [], "summary": {"covered_lines": 0, "num_statements": 12, "percent_covered": 0.0, "percent_covered_display": "0.00", "missing_lines": 12, "excluded_lines": 0}, "missing_lines": [75, 76, 78, 79, 80, 81, 82, 83, 84, 85, 86, 87], "excluded_lines": []}, "TtsService._cache_audio": {"executed_lines": [], "summary": {"covered_lines": 0, "num_statements": 8, "percent_covered": 0.0, "percent_covered_display": "0.00", "missing_lines": 8, "excluded_lines": 0}, "missing_lines": [97, 98, 100, 101, 102, 103, 106, 107], "excluded_lines": []}, "TtsService.synthesize_speech": {"executed_lines": [], "summary": {"covered_lines": 0, "num_statements": 26, "percent_covered": 0.0, "percent_covered_display": "0.00", "missing_lines": 26, "excluded_lines": 0}, "missing_lines": [135, 136, 139, 142, 143, 144, 145, 147, 148, 153, 154, 159, 170, 171, 172, 174, 175, 180, 181, 183, 185, 186, 189, 190, 191, 192], "excluded_lines": []}, "get_tts_service": {"executed_lines": [], "summary": {"covered_lines": 0, "num_statements": 3, "percent_covered": 0.0, "percent_covered_display": "0.00", "missing_lines": 3, "excluded_lines": 0}, "missing_lines": [202, 203, 204], "excluded_lines": []}, "initialize_tts_service": {"executed_lines": [], "summary": {"covered_lines": 0, "num_statements": 7, "percent_covered": 0.0, "percent_covered_display": "0.00", "missing_lines": 7, "excluded_lines": 0}, "missing_lines": [216, 217, 218, 219, 220, 222, 223], "excluded_lines": []}, "": {"executed_lines": [], "summary": {"covered_lines": 0, "num_statements": 19, "percent_covered": 0.0, "percent_covered_display": "0.00", "missing_lines": 19, "excluded_lines": 0}, "missing_lines": [6, 7, 8, 10, 11, 13, 16, 19, 20, 21, 24, 30, 51, 65, 89, 109, 196, 199, 207], "excluded_lines": []}}, "classes": {"TtsService": {"executed_lines": [], "summary": {"covered_lines": 0, "num_statements": 54, "percent_covered": 0.0, "percent_covered_display": "0.00", "missing_lines": 54, "excluded_lines": 0}, "missing_lines": [42, 43, 44, 46, 47, 49, 62, 63, 75, 76, 78, 79, 80, 81, 82, 83, 84, 85, 86, 87, 97, 98, 100, 101, 102, 103, 106, 107, 135, 136, 139, 142, 143, 144, 145, 147, 148, 153, 154, 159, 170, 171, 172, 174, 175, 180, 181, 183, 185, 186, 189, 190, 191, 192], "excluded_lines": []}, "": {"executed_lines": [], "summary": {"covered_lines": 0, "num_statements": 29, "percent_covered": 0.0, "percent_covered_display": "0.00", "missing_lines": 29, "excluded_lines": 0}, "missing_lines": [6, 7, 8, 10, 11, 13, 16, 19, 20, 21, 24, 30, 51, 65, 89, 109, 196, 199, 202, 203, 204, 207, 216, 217, 218, 219, 220, 222, 223], "excluded_lines": []}}}, "backend/src/tasks.py": {"executed_lines": [], "summary": {"covered_lines": 0, "num_statements": 304, "percent_covered": 0.0, "percent_covered_display": "0.00", "missing_lines": 304, "excluded_lines": 0}, "missing_lines": [1, 3, 4, 5, 6, 7, 9, 10, 11, 12, 13, 14, 20, 21, 22, 24, 25, 26, 28, 29, 32, 33, 56, 57, 59, 60, 62, 65, 70, 71, 73, 76, 77, 78, 81, 82, 83, 84, 85, 88, 89, 94, 95, 96, 99, 102, 105, 116, 117, 118, 119, 122, 123, 130, 133, 141, 144, 159, 170, 171, 172, 173, 174, 175, 178, 179, 184, 185, 186, 198, 200, 201, 202, 205, 206, 226, 227, 228, 232, 238, 239, 242, 246, 248, 253, 254, 256, 258, 261, 262, 275, 276, 277, 280, 286, 306, 308, 310, 312, 317, 318, 319, 323, 329, 330, 333, 334, 339, 340, 345, 346, 348, 349, 350, 351, 353, 363, 364, 365, 367, 368, 376, 377, 378, 385, 397, 398, 399, 402, 403, 405, 406, 409, 410, 413, 416, 419, 421, 430, 435, 436, 437, 439, 440, 442, 446, 447, 454, 459, 460, 461, 462, 464, 465, 466, 467, 469, 470, 474, 475, 479, 480, 482, 488, 489, 493, 494, 500, 501, 502, 503, 505, 513, 514, 515, 521, 530, 531, 532, 534, 535, 539, 541, 545, 548, 549, 551, 552, 554, 555, 556, 557, 559, 560, 561, 562, 565, 566, 598, 599, 601, 603, 604, 606, 607, 608, 610, 612, 622, 624, 627, 632, 634, 635, 637, 638, 642, 643, 647, 648, 651, 654, 660, 661, 664, 676, 677, 678, 681, 691, 693, 694, 695, 700, 701, 704, 707, 708, 711, 712, 720, 722, 723, 725, 726, 729, 732, 742, 747, 749, 751, 755, 761, 762, 763, 766, 767, 783, 784, 786, 787, 788, 789, 790, 791, 793, 795, 796, 798, 800, 802, 803, 806, 807, 810, 811, 812, 816, 817, 820, 821, 822, 823, 824, 829, 830, 831, 832, 837, 838, 839, 842, 843, 851, 852, 853, 854, 856, 857, 859, 863, 869, 870, 871], "excluded_lines": [], "functions": {"chunk_and_index_document": {"executed_lines": [], "summary": {"covered_lines": 0, "num_statements": 51, "percent_covered": 0.0, "percent_covered_display": "0.00", "missing_lines": 51, "excluded_lines": 0}, "missing_lines": [56, 57, 59, 60, 62, 65, 70, 71, 73, 76, 77, 78, 81, 82, 83, 84, 85, 88, 89, 94, 95, 96, 99, 102, 105, 116, 117, 118, 119, 122, 123, 130, 133, 141, 144, 159, 170, 171, 172, 173, 174, 175, 178, 179, 184, 185, 186, 198, 200, 201, 202], "excluded_lines": []}, "bot_route_answer_message": {"executed_lines": [], "summary": {"covered_lines": 0, "num_statements": 18, "percent_covered": 0.0, "percent_covered_display": "0.00", "missing_lines": 18, "excluded_lines": 0}, "missing_lines": [226, 227, 228, 232, 238, 239, 242, 246, 248, 253, 254, 256, 258, 261, 262, 275, 276, 277], "excluded_lines": []}, "rag_qa_task": {"executed_lines": [], "summary": {"covered_lines": 0, "num_statements": 98, "percent_covered": 0.0, "percent_covered_display": "0.00", "missing_lines": 98, "excluded_lines": 0}, "missing_lines": [306, 308, 310, 312, 317, 318, 319, 323, 329, 330, 333, 334, 339, 340, 345, 346, 348, 349, 350, 351, 353, 363, 364, 365, 367, 376, 385, 397, 398, 399, 402, 403, 405, 406, 409, 410, 413, 416, 419, 421, 430, 435, 436, 437, 439, 440, 442, 446, 447, 454, 459, 460, 461, 462, 464, 465, 466, 467, 469, 470, 474, 475, 479, 480, 482, 488, 489, 493, 494, 500, 501, 502, 503, 505, 513, 514, 515, 521, 530, 531, 532, 534, 535, 539, 541, 545, 548, 549, 551, 552, 554, 555, 556, 557, 559, 560, 561, 562], "excluded_lines": []}, "rag_qa_task.vector_search_fn": {"executed_lines": [], "summary": {"covered_lines": 0, "num_statements": 1, "percent_covered": 0.0, "percent_covered_display": "0.00", "missing_lines": 1, "excluded_lines": 0}, "missing_lines": [368], "excluded_lines": []}, "rag_qa_task.keyword_search_fn": {"executed_lines": [], "summary": {"covered_lines": 0, "num_statements": 2, "percent_covered": 0.0, "percent_covered_display": "0.00", "missing_lines": 2, "excluded_lines": 0}, "missing_lines": [377, 378], "excluded_lines": []}, "ingest_dataset_task": {"executed_lines": [], "summary": {"covered_lines": 0, "num_statements": 57, "percent_covered": 0.0, "percent_covered_display": "0.00", "missing_lines": 57, "excluded_lines": 0}, "missing_lines": [598, 599, 601, 603, 604, 606, 607, 608, 610, 612, 622, 624, 627, 632, 634, 635, 637, 638, 642, 643, 647, 648, 651, 654, 660, 661, 664, 676, 677, 678, 681, 691, 693, 694, 695, 700, 701, 704, 707, 708, 711, 712, 720, 722, 723, 725, 726, 729, 732, 742, 747, 749, 751, 755, 761, 762, 763], "excluded_lines": []}, "reindex_document_task": {"executed_lines": [], "summary": {"covered_lines": 0, "num_statements": 47, "percent_covered": 0.0, "percent_covered_display": "0.00", "missing_lines": 47, "excluded_lines": 0}, "missing_lines": [783, 784, 786, 787, 788, 789, 790, 791, 793, 795, 796, 798, 800, 802, 803, 806, 807, 810, 811, 812, 816, 817, 820, 821, 822, 823, 824, 829, 830, 831, 832, 837, 838, 839, 842, 843, 851, 852, 853, 854, 856, 857, 859, 863, 869, 870, 871], "excluded_lines": []}, "": {"executed_lines": [], "summary": {"covered_lines": 0, "num_statements": 30, "percent_covered": 0.0, "percent_covered_display": "0.00", "missing_lines": 30, "excluded_lines": 0}, "missing_lines": [1, 3, 4, 5, 6, 7, 9, 10, 11, 12, 13, 14, 20, 21, 22, 24, 25, 26, 28, 29, 32, 33, 205, 206, 280, 286, 565, 566, 766, 767], "excluded_lines": []}}, "classes": {"": {"executed_lines": [], "summary": {"covered_lines": 0, "num_statements": 304, "percent_covered": 0.0, "percent_covered_display": "0.00", "missing_lines": 304, "excluded_lines": 0}, "missing_lines": [1, 3, 4, 5, 6, 7, 9, 10, 11, 12, 13, 14, 20, 21, 22, 24, 25, 26, 28, 29, 32, 33, 56, 57, 59, 60, 62, 65, 70, 71, 73, 76, 77, 78, 81, 82, 83, 84, 85, 88, 89, 94, 95, 96, 99, 102, 105, 116, 117, 118, 119, 122, 123, 130, 133, 141, 144, 159, 170, 171, 172, 173, 174, 175, 178, 179, 184, 185, 186, 198, 200, 201, 202, 205, 206, 226, 227, 228, 232, 238, 239, 242, 246, 248, 253, 254, 256, 258, 261, 262, 275, 276, 277, 280, 286, 306, 308, 310, 312, 317, 318, 319, 323, 329, 330, 333, 334, 339, 340, 345, 346, 348, 349, 350, 351, 353, 363, 364, 365, 367, 368, 376, 377, 378, 385, 397, 398, 399, 402, 403, 405, 406, 409, 410, 413, 416, 419, 421, 430, 435, 436, 437, 439, 440, 442, 446, 447, 454, 459, 460, 461, 462, 464, 465, 466, 467, 469, 470, 474, 475, 479, 480, 482, 488, 489, 493, 494, 500, 501, 502, 503, 505, 513, 514, 515, 521, 530, 531, 532, 534, 535, 539, 541, 545, 548, 549, 551, 552, 554, 555, 556, 557, 559, 560, 561, 562, 565, 566, 598, 599, 601, 603, 604, 606, 607, 608, 610, 612, 622, 624, 627, 632, 634, 635, 637, 638, 642, 643, 647, 648, 651, 654, 660, 661, 664, 676, 677, 678, 681, 691, 693, 694, 695, 700, 701, 704, 707, 708, 711, 712, 720, 722, 723, 725, 726, 729, 732, 742, 747, 749, 751, 755, 761, 762, 763, 766, 767, 783, 784, 786, 787, 788, 789, 790, 791, 793, 795, 796, 798, 800, 802, 803, 806, 807, 810, 811, 812, 816, 817, 820, 821, 822, 823, 824, 829, 830, 831, 832, 837, 838, 839, 842, 843, 851, 852, 853, 854, 856, 857, 859, 863, 869, 870, 871], "excluded_lines": []}}}}, "totals": {"covered_lines": 0, "num_statements": 2746, "percent_covered": 0.0, "percent_covered_display": "0.00", "missing_lines": 2746, "excluded_lines": 0}}